[ 2017-04-08T11:45:14+08:00 ] ::1 /kjl/themes/simplebootx/Public/assets/js/jquery-3.1.1.min.js
ERR: 无法加载控制器:Themes

[ 2017-04-08T11:45:15+08:00 ] ::1 /kjl/themes/simplebootx/Public/assets/js/jquery-3.1.1.min.js
ERR: 无法加载控制器:Themes

[ 2017-04-08T11:48:25+08:00 ] ::1 /kjl/themes/simplebootx/Public/assets/js/jquery-3.1.1.min.js
ERR: 无法加载控制器:Themes

[ 2017-04-08T11:48:25+08:00 ] ::1 /kjl/themes/simplebootx/Public/assets/js/jquery-3.1.1.min.js
ERR: 无法加载控制器:Themes

[ 2017-04-08T11:48:33+08:00 ] ::1 /kjl/themes/simplebootx/Public/assets/js/jquery-3.1.1.min.js
ERR: 无法加载控制器:Themes

[ 2017-04-08T11:48:56+08:00 ] ::1 /kjl/themes/simplebootx/Public/assets/js/jquery-3.1.1.min.js
ERR: 无法加载控制器:Themes

[ 2017-04-08T11:48:56+08:00 ] ::1 /kjl/themes/simplebootx/Public/assets/js/jquery-3.1.1.min.js
ERR: 无法加载控制器:Themes

[ 2017-04-08T11:49:01+08:00 ] ::1 /kjl/themes/simplebootx/Public/assets/js/jquery-3.1.1.min.js
ERR: 无法加载控制器:Themes

[ 2017-04-08T11:49:01+08:00 ] ::1 /kjl/themes/simplebootx/Public/assets/js/jquery-3.1.1.min.js
ERR: 无法加载控制器:Themes

[ 2017-04-08T11:49:06+08:00 ] ::1 /kjl/themes/simplebootx/Public/assets/js/jquery-3.1.1.min.js
ERR: 无法加载控制器:Themes

[ 2017-04-08T11:49:06+08:00 ] ::1 /kjl/themes/simplebootx/Public/assets/js/jquery-3.1.1.min.js
ERR: 无法加载控制器:Themes

[ 2017-04-08T11:49:11+08:00 ] ::1 /kjl/themes/simplebootx/Public/assets/js/jquery-3.1.1.min.js
ERR: 无法加载控制器:Themes

[ 2017-04-08T11:49:11+08:00 ] ::1 /kjl/themes/simplebootx/Public/assets/js/jquery-3.1.1.min.js
ERR: 无法加载控制器:Themes

[ 2017-04-08T11:49:19+08:00 ] ::1 /kjl/themes/simplebootx/Public/assets/js/jquery-3.1.1.min.js
ERR: 无法加载控制器:Themes

[ 2017-04-08T11:49:19+08:00 ] ::1 /kjl/themes/simplebootx/Public/assets/js/jquery-3.1.1.min.js
ERR: 无法加载控制器:Themes

[ 2017-04-08T11:49:23+08:00 ] ::1 /kjl/themes/simplebootx/Public/assets/js/jquery-3.1.1.min.js
ERR: 无法加载控制器:Themes

[ 2017-04-08T11:49:24+08:00 ] ::1 /kjl/themes/simplebootx/Public/assets/js/jquery-3.1.1.min.js
ERR: 无法加载控制器:Themes

[ 2017-04-08T11:49:28+08:00 ] ::1 /kjl/themes/simplebootx/Public/assets/js/jquery-3.1.1.min.js
ERR: 无法加载控制器:Themes

[ 2017-04-08T11:49:29+08:00 ] ::1 /kjl/themes/simplebootx/Public/assets/js/jquery-3.1.1.min.js
ERR: 无法加载控制器:Themes

[ 2017-04-08T11:49:33+08:00 ] ::1 /kjl/themes/simplebootx/Public/assets/js/jquery-3.1.1.min.js
ERR: 无法加载控制器:Themes

[ 2017-04-08T11:49:34+08:00 ] ::1 /kjl/themes/simplebootx/Public/assets/js/jquery-3.1.1.min.js
ERR: 无法加载控制器:Themes

[ 2017-04-08T11:49:38+08:00 ] ::1 /kjl/themes/simplebootx/Public/assets/js/jquery-3.1.1.min.js
ERR: 无法加载控制器:Themes

[ 2017-04-08T11:49:39+08:00 ] ::1 /kjl/themes/simplebootx/Public/assets/js/jquery-3.1.1.min.js
ERR: 无法加载控制器:Themes

[ 2017-04-08T11:49:51+08:00 ] ::1 /kjl/themes/simplebootx/Public/assets/js/jquery-3.1.1.min.js
ERR: 无法加载控制器:Themes

[ 2017-04-08T11:49:51+08:00 ] ::1 /kjl/themes/simplebootx/Public/assets/js/jquery-3.1.1.min.js
ERR: 无法加载控制器:Themes

[ 2017-04-08T11:49:56+08:00 ] ::1 /kjl/themes/simplebootx/Public/assets/js/jquery-3.1.1.min.js
ERR: 无法加载控制器:Themes

[ 2017-04-08T11:49:57+08:00 ] ::1 /kjl/themes/simplebootx/Public/assets/js/jquery-3.1.1.min.js
ERR: 无法加载控制器:Themes

[ 2017-04-08T11:50:01+08:00 ] ::1 /kjl/themes/simplebootx/Public/assets/js/jquery-3.1.1.min.js
ERR: 无法加载控制器:Themes

[ 2017-04-08T11:50:01+08:00 ] ::1 /kjl/themes/simplebootx/Public/assets/js/jquery-3.1.1.min.js
ERR: 无法加载控制器:Themes

[ 2017-04-08T11:50:13+08:00 ] ::1 /kjl/themes/simplebootx/Public/assets/js/jquery-3.1.1.min.js
ERR: 无法加载控制器:Themes

[ 2017-04-08T11:50:14+08:00 ] ::1 /kjl/themes/simplebootx/Public/assets/js/jquery-3.1.1.min.js
ERR: 无法加载控制器:Themes

[ 2017-04-08T11:50:19+08:00 ] ::1 /kjl/themes/simplebootx/Public/assets/js/jquery-3.1.1.min.js
ERR: 无法加载控制器:Themes

[ 2017-04-08T11:50:19+08:00 ] ::1 /kjl/themes/simplebootx/Public/assets/js/jquery-3.1.1.min.js
ERR: 无法加载控制器:Themes

[ 2017-04-08T11:50:24+08:00 ] ::1 /kjl/themes/simplebootx/Public/assets/js/jquery-3.1.1.min.js
ERR: 无法加载控制器:Themes

[ 2017-04-08T11:50:25+08:00 ] ::1 /kjl/themes/simplebootx/Public/assets/js/jquery-3.1.1.min.js
ERR: 无法加载控制器:Themes

[ 2017-04-08T11:50:35+08:00 ] ::1 /kjl/themes/simplebootx/Public/assets/js/jquery-3.1.1.min.js
ERR: 无法加载控制器:Themes

[ 2017-04-08T11:50:35+08:00 ] ::1 /kjl/themes/simplebootx/Public/assets/js/jquery-3.1.1.min.js
ERR: 无法加载控制器:Themes

[ 2017-04-08T11:50:40+08:00 ] ::1 /kjl/themes/simplebootx/Public/assets/js/jquery-3.1.1.min.js
ERR: 无法加载控制器:Themes

[ 2017-04-08T11:50:40+08:00 ] ::1 /kjl/themes/simplebootx/Public/assets/js/jquery-3.1.1.min.js
ERR: 无法加载控制器:Themes

[ 2017-04-08T11:50:45+08:00 ] ::1 /kjl/themes/simplebootx/Public/assets/js/jquery-3.1.1.min.js
ERR: 无法加载控制器:Themes

[ 2017-04-08T11:50:45+08:00 ] ::1 /kjl/themes/simplebootx/Public/assets/js/jquery-3.1.1.min.js
ERR: 无法加载控制器:Themes

[ 2017-04-08T11:50:50+08:00 ] ::1 /kjl/themes/simplebootx/Public/assets/js/jquery-3.1.1.min.js
ERR: 无法加载控制器:Themes

[ 2017-04-08T11:50:50+08:00 ] ::1 /kjl/themes/simplebootx/Public/assets/js/jquery-3.1.1.min.js
ERR: 无法加载控制器:Themes

[ 2017-04-08T11:50:54+08:00 ] ::1 /kjl/themes/simplebootx/Public/assets/js/jquery-3.1.1.min.js
ERR: 无法加载控制器:Themes

[ 2017-04-08T11:50:55+08:00 ] ::1 /kjl/themes/simplebootx/Public/assets/js/jquery-3.1.1.min.js
ERR: 无法加载控制器:Themes

[ 2017-04-08T11:50:59+08:00 ] ::1 /kjl/themes/simplebootx/Public/assets/js/jquery-3.1.1.min.js
ERR: 无法加载控制器:Themes

[ 2017-04-08T11:50:59+08:00 ] ::1 /kjl/themes/simplebootx/Public/assets/js/jquery-3.1.1.min.js
ERR: 无法加载控制器:Themes

[ 2017-04-08T11:51:05+08:00 ] ::1 /kjl/themes/simplebootx/Public/assets/js/jquery-3.1.1.min.js
ERR: 无法加载控制器:Themes

[ 2017-04-08T11:51:06+08:00 ] ::1 /kjl/themes/simplebootx/Public/assets/js/jquery-3.1.1.min.js
ERR: 无法加载控制器:Themes

[ 2017-04-08T11:51:10+08:00 ] ::1 /kjl/themes/simplebootx/Public/assets/js/jquery-3.1.1.min.js
ERR: 无法加载控制器:Themes

[ 2017-04-08T11:51:11+08:00 ] ::1 /kjl/themes/simplebootx/Public/assets/js/jquery-3.1.1.min.js
ERR: 无法加载控制器:Themes

[ 2017-04-08T11:51:15+08:00 ] ::1 /kjl/themes/simplebootx/Public/assets/js/jquery-3.1.1.min.js
ERR: 无法加载控制器:Themes

[ 2017-04-08T11:51:16+08:00 ] ::1 /kjl/themes/simplebootx/Public/assets/js/jquery-3.1.1.min.js
ERR: 无法加载控制器:Themes

[ 2017-04-08T11:53:55+08:00 ] ::1 /kjl/themes/simplebootx/Public/assets/js/jquery-3.1.1.min.js
ERR: 无法加载控制器:Themes

[ 2017-04-08T11:53:55+08:00 ] ::1 /kjl/themes/simplebootx/Public/assets/js/jquery-3.1.1.min.js
ERR: 无法加载控制器:Themes

[ 2017-04-08T11:54:00+08:00 ] ::1 /kjl/themes/simplebootx/Public/assets/js/jquery-3.1.1.min.js
ERR: 无法加载控制器:Themes

[ 2017-04-08T11:54:00+08:00 ] ::1 /kjl/themes/simplebootx/Public/assets/js/jquery-3.1.1.min.js
ERR: 无法加载控制器:Themes

[ 2017-04-08T11:54:06+08:00 ] ::1 /kjl/themes/simplebootx/Public/assets/js/jquery-3.1.1.min.js
ERR: 无法加载控制器:Themes

[ 2017-04-08T11:54:06+08:00 ] ::1 /kjl/themes/simplebootx/Public/assets/js/jquery-3.1.1.min.js
ERR: 无法加载控制器:Themes

[ 2017-04-08T12:08:01+08:00 ] ::1 /kjl/themes/simplebootx/Public/assets/js/jquery-3.1.1.min.js
ERR: 无法加载控制器:Themes

[ 2017-04-08T12:08:01+08:00 ] ::1 /kjl/themes/simplebootx/Public/assets/js/jquery-3.1.1.min.js
ERR: 无法加载控制器:Themes

[ 2017-04-08T12:08:09+08:00 ] ::1 /kjl/themes/simplebootx/Public/assets/js/jquery.validate.min.js
ERR: 无法加载控制器:Themes

[ 2017-04-08T12:08:11+08:00 ] ::1 /kjl/themes/simplebootx/Public/assets/js/jquery.validate.min.js
ERR: 无法加载控制器:Themes

[ 2017-04-08T12:11:51+08:00 ] ::1 /kjl/themes/simplebootx/Public/assets/js/jquery.validate.min.js
ERR: 无法加载控制器:Themes

[ 2017-04-08T12:12:28+08:00 ] ::1 /kjl/themes/simplebootx/Public/assets/js/jquery.validate.min.js
ERR: 无法加载控制器:Themes

[ 2017-04-08T12:13:52+08:00 ] ::1 /kjl/themes/simplebootx/Public/assets/js/jquery.validate.min.js
ERR: 无法加载控制器:Themes

[ 2017-04-08T12:14:09+08:00 ] ::1 /kjl/themes/simplebootx/Public/assets/js/jquery.validate.min.js
ERR: 无法加载控制器:Themes

[ 2017-04-08T12:14:16+08:00 ] ::1 /kjl/themes/simplebootx/Public/assets/simpleboot/bootstrap/css/bootstrap.min.css.map
ERR: 无法加载控制器:Themes

[ 2017-04-08T12:15:23+08:00 ] ::1 /kjl/themes/simplebootx/Public/assets/js/jquery.validate.min.js
ERR: 无法加载控制器:Themes

[ 2017-04-08T12:15:49+08:00 ] ::1 /kjl/themes/simplebootx/Public/assets/js/jquery.validate.min.js
ERR: 无法加载控制器:Themes

[ 2017-04-08T12:15:52+08:00 ] ::1 /kjl/themes/simplebootx/Public/assets/simpleboot/bootstrap/css/bootstrap.min.css.map
ERR: 无法加载控制器:Themes

[ 2017-04-08T12:16:55+08:00 ] ::1 /kjl/themes/simplebootx/Public/assets/js/jquery.validate.min.js
ERR: 无法加载控制器:Themes

[ 2017-04-08T12:17:11+08:00 ] ::1 /kjl/themes/simplebootx/Public/assets/js/jquery.validate.min.js
ERR: 无法加载控制器:Themes

[ 2017-04-08T12:17:14+08:00 ] ::1 /kjl/themes/simplebootx/Public/assets/simpleboot/bootstrap/css/bootstrap.min.css.map
ERR: 无法加载控制器:Themes

[ 2017-04-08T12:18:39+08:00 ] ::1 /kjl/themes/simplebootx/Public/assets/js/jquery.validate.min.js
ERR: 无法加载控制器:Themes

[ 2017-04-08T12:19:42+08:00 ] ::1 /kjl/themes/simplebootx/Public/assets/js/jquery.validate.min.js
ERR: 无法加载控制器:Themes

[ 2017-04-08T12:19:46+08:00 ] ::1 /kjl/themes/simplebootx/Public/assets/js/jquery.validate.min.js
ERR: 无法加载控制器:Themes

[ 2017-04-08T12:19:58+08:00 ] ::1 /kjl/themes/simplebootx/Public/assets/js/jquery.validate.min.js
ERR: 无法加载控制器:Themes

[ 2017-04-08T12:20:03+08:00 ] ::1 /kjl/themes/simplebootx/Public/assets/simpleboot/bootstrap/css/bootstrap.min.css.map
ERR: 无法加载控制器:Themes

[ 2017-04-08T12:24:31+08:00 ] ::1 /kjl/themes/simplebootx/Public/assets/simpleboot/bootstrap/css/bootstrap.min.css.map
ERR: 无法加载控制器:Themes

[ 2017-04-08T12:24:31+08:00 ] ::1 /kjl/themes/simplebootx/Public/assets/js/jquery.validate.min.js
ERR: 无法加载控制器:Themes

[ 2017-04-08T12:24:32+08:00 ] ::1 /kjl/themes/simplebootx/Public/assets/js/jquery.validate.min.js
ERR: 无法加载控制器:Themes

[ 2017-04-08T12:26:07+08:00 ] ::1 /kjl/themes/simplebootx/Public/assets/simpleboot/bootstrap/css/bootstrap.min.css.map
ERR: 无法加载控制器:Themes

[ 2017-04-08T12:26:07+08:00 ] ::1 /kjl/themes/simplebootx/Public/assets/simpleboot/bootstrap/css/bootstrap-theme.min.css.map
ERR: 无法加载控制器:Themes

[ 2017-04-08T12:27:02+08:00 ] ::1 /kjl/themes/simplebootx/Public/assets/js/jquery.validate.min.js
ERR: 无法加载控制器:Themes

[ 2017-04-08T12:27:02+08:00 ] ::1 /kjl/themes/simplebootx/Public/assets/simpleboot/bootstrap/css/bootstrap.min.css.map
ERR: 无法加载控制器:Themes

[ 2017-04-08T12:27:02+08:00 ] ::1 /kjl/themes/simplebootx/Public/assets/simpleboot/bootstrap/css/bootstrap-theme.min.css.map
ERR: 无法加载控制器:Themes

[ 2017-04-08T12:27:03+08:00 ] ::1 /kjl/themes/simplebootx/Public/assets/js/jquery.validate.min.js
ERR: 无法加载控制器:Themes

[ 2017-04-08T12:28:31+08:00 ] ::1 /kjl/themes/simplebootx/Public/assets/js/jquery.validate.min.js
ERR: 无法加载控制器:Themes

[ 2017-04-08T12:28:31+08:00 ] ::1 /kjl/themes/simplebootx/Public/assets/simpleboot/bootstrap/css/bootstrap-theme.min.css.map
ERR: 无法加载控制器:Themes

[ 2017-04-08T12:28:31+08:00 ] ::1 /kjl/themes/simplebootx/Public/assets/simpleboot/bootstrap/css/bootstrap.min.css.map
ERR: 无法加载控制器:Themes

[ 2017-04-08T12:28:32+08:00 ] ::1 /kjl/themes/simplebootx/Public/assets/js/jquery.validate.min.js
ERR: 无法加载控制器:Themes

[ 2017-04-08T12:30:13+08:00 ] ::1 /kjl/themes/simplebootx/Public/assets/js/jquery.validate.min.js
ERR: 无法加载控制器:Themes

[ 2017-04-08T12:30:14+08:00 ] ::1 /kjl/themes/simplebootx/Public/assets/simpleboot/bootstrap/css/bootstrap-theme.min.css.map
ERR: 无法加载控制器:Themes

[ 2017-04-08T12:30:14+08:00 ] ::1 /kjl/themes/simplebootx/Public/assets/simpleboot/bootstrap/css/bootstrap.min.css.map
ERR: 无法加载控制器:Themes

[ 2017-04-08T12:30:14+08:00 ] ::1 /kjl/themes/simplebootx/Public/assets/js/jquery.validate.min.js
ERR: 无法加载控制器:Themes

[ 2017-04-08T12:33:38+08:00 ] ::1 /kjl/themes/simplebootx/Public/assets/simpleboot/bootstrap/css/bootstrap.min.css.map
ERR: 无法加载控制器:Themes

[ 2017-04-08T12:33:38+08:00 ] ::1 /kjl/themes/simplebootx/Public/assets/simpleboot/bootstrap/css/bootstrap-theme.min.css.map
ERR: 无法加载控制器:Themes

[ 2017-04-08T12:34:24+08:00 ] ::1 /kjl/themes/simplebootx/Public/assets/js/jquery-3.1.1.min.js
ERR: 无法加载控制器:Themes

[ 2017-04-08T12:34:25+08:00 ] ::1 /kjl/themes/simplebootx/Public/assets/js/jquery-3.1.1.min.js
ERR: 无法加载控制器:Themes

[ 2017-04-08T12:34:40+08:00 ] ::1 /kjl/themes/simplebootx/Public/assets/js/jquery.validate.min.js
ERR: 无法加载控制器:Themes

[ 2017-04-08T12:34:41+08:00 ] ::1 /kjl/themes/simplebootx/Public/assets/js/jquery.validate.min.js
ERR: 无法加载控制器:Themes

[ 2017-04-08T12:34:59+08:00 ] ::1 /kjl/themes/simplebootx/Public/assets/js/jquery.validate.min.js
ERR: 无法加载控制器:Themes

[ 2017-04-08T12:35:07+08:00 ] ::1 /kjl/themes/simplebootx/Public/assets/js/jquery.validate.min.js
ERR: 无法加载控制器:Themes

[ 2017-04-08T12:35:08+08:00 ] ::1 /kjl/themes/simplebootx/Public/assets/js/jquery.validate.min.js
ERR: 无法加载控制器:Themes

[ 2017-04-08T12:35:08+08:00 ] ::1 /kjl/themes/simplebootx/Public/assets/js/jquery.validate.min.js
ERR: 无法加载控制器:Themes

[ 2017-04-08T12:36:56+08:00 ] ::1 /kjl/themes/simplebootx/Public/assets/js/jquery.validate.min.js
ERR: 无法加载控制器:Themes

[ 2017-04-08T12:37:01+08:00 ] ::1 /kjl/themes/simplebootx/Public/assets/js/jquery.validate.min.js
ERR: 无法加载控制器:Themes

[ 2017-04-08T12:37:12+08:00 ] ::1 /kjl/themes/simplebootx/Public/assets/js/jquery.validate.min.js
ERR: 无法加载控制器:Themes

[ 2017-04-08T12:37:52+08:00 ] ::1 /kjl/themes/simplebootx/Public/assets/simpleboot/bootstrap/css/bootstrap.min.css.map
ERR: 无法加载控制器:Themes

[ 2017-04-08T12:37:52+08:00 ] ::1 /kjl/themes/simplebootx/Public/assets/simpleboot/bootstrap/css/bootstrap-theme.min.css.map
ERR: 无法加载控制器:Themes

[ 2017-04-08T12:38:36+08:00 ] ::1 /kjl/themes/simplebootx/Public/assets/js/jquery.validate.min.js
ERR: 无法加载控制器:Themes

[ 2017-04-08T12:39:36+08:00 ] ::1 /kjl/themes/simplebootx/Public/assets/js/jquery.validate.min.js
ERR: 无法加载控制器:Themes

[ 2017-04-08T12:39:43+08:00 ] ::1 /kjl/themes/simplebootx/Public/assets/js/jquery.validate.min.js
ERR: 无法加载控制器:Themes

[ 2017-04-08T12:41:18+08:00 ] ::1 /kjl/themes/simplebootx/Public/assets/simpleboot/bootstrap/css/bootstrap-theme.min.css.map
ERR: 无法加载控制器:Themes

[ 2017-04-08T12:41:18+08:00 ] ::1 /kjl/themes/simplebootx/Public/assets/simpleboot/bootstrap/css/bootstrap.min.css.map
ERR: 无法加载控制器:Themes

[ 2017-04-08T12:44:10+08:00 ] ::1 /kjl/themes/simplebootx/Public/assets/js/jquery.validate.min.js
ERR: 无法加载控制器:Themes

[ 2017-04-08T12:45:09+08:00 ] ::1 /kjl/themes/simplebootx/Public/assets/js/jquery.validate.min.js
ERR: 无法加载控制器:Themes

[ 2017-04-08T12:49:57+08:00 ] ::1 /kjl/themes/simplebootx/Public/assets/js/jquery.validate.min.js
ERR: 无法加载控制器:Themes

[ 2017-04-08T12:50:13+08:00 ] ::1 /kjl/themes/simplebootx/Public/assets/js/jquery.validate.min.js
ERR: 无法加载控制器:Themes

[ 2017-04-08T12:50:50+08:00 ] ::1 /kjl/themes/simplebootx/Public/assets/js/jquery.validate.min.js
ERR: 无法加载控制器:Themes

[ 2017-04-08T12:51:05+08:00 ] ::1 /kjl/themes/simplebootx/Public/assets/js/jquery.validate.min.js
ERR: 无法加载控制器:Themes

[ 2017-04-08T12:53:39+08:00 ] ::1 /kjl/themes/simplebootx/Public/assets/js/jquery.validate.min.js
ERR: 无法加载控制器:Themes

[ 2017-04-08T12:53:51+08:00 ] ::1 /kjl/themes/simplebootx/Public/assets/js/jquery.validate.min.js
ERR: 无法加载控制器:Themes

[ 2017-04-08T12:53:55+08:00 ] ::1 /kjl/themes/simplebootx/Public/assets/js/jquery.validate.min.js
ERR: 无法加载控制器:Themes

[ 2017-04-08T12:55:11+08:00 ] ::1 /kjl/themes/simplebootx/Public/assets/js/jquery.validate.min.js
ERR: 无法加载控制器:Themes

[ 2017-04-08T12:55:28+08:00 ] ::1 /kjl/themes/simplebootx/Public/assets/js/jquery.validate.min.js
ERR: 无法加载控制器:Themes

[ 2017-04-08T12:55:55+08:00 ] ::1 /kjl/themes/simplebootx/Public/assets/js/jquery.validate.min.js
ERR: 无法加载控制器:Themes

[ 2017-04-08T12:56:08+08:00 ] ::1 /kjl/themes/simplebootx/Public/assets/simpleboot/bootstrap/css/bootstrap.min.css.map
ERR: 无法加载控制器:Themes

[ 2017-04-08T12:56:08+08:00 ] ::1 /kjl/themes/simplebootx/Public/assets/js/jquery.validate.min.js
ERR: 无法加载控制器:Themes

[ 2017-04-08T12:56:08+08:00 ] ::1 /kjl/themes/simplebootx/Public/assets/simpleboot/bootstrap/css/bootstrap-theme.min.css.map
ERR: 无法加载控制器:Themes

[ 2017-04-08T12:56:53+08:00 ] ::1 /kjl/themes/simplebootx/Public/assets/js/jquery.validate.min.js
ERR: 无法加载控制器:Themes

[ 2017-04-08T12:56:54+08:00 ] ::1 /kjl/themes/simplebootx/Public/assets/simpleboot/bootstrap/css/bootstrap.min.css.map
ERR: 无法加载控制器:Themes

[ 2017-04-08T12:56:54+08:00 ] ::1 /kjl/themes/simplebootx/Public/assets/simpleboot/bootstrap/css/bootstrap-theme.min.css.map
ERR: 无法加载控制器:Themes

[ 2017-04-08T12:57:26+08:00 ] ::1 /kjl/themes/simplebootx/Public/assets/js/jquery.validate.min.js
ERR: 无法加载控制器:Themes

[ 2017-04-08T12:59:20+08:00 ] ::1 /kjl/themes/simplebootx/Public/assets/js/jquery.validate.min.js
ERR: 无法加载控制器:Themes

[ 2017-04-08T13:02:18+08:00 ] ::1 /kjl/themes/simplebootx/Public/assets/js/jquery.validate.min.js
ERR: 无法加载控制器:Themes

[ 2017-04-08T13:02:34+08:00 ] ::1 /kjl/themes/simplebootx/Public/assets/js/jquery.validate.min.js
ERR: 无法加载控制器:Themes

[ 2017-04-08T13:03:09+08:00 ] ::1 /kjl/themes/simplebootx/Public/assets/js/jquery.validate.min.js
ERR: 无法加载控制器:Themes

[ 2017-04-08T13:03:25+08:00 ] ::1 /kjl/themes/simplebootx/Public/assets/js/jquery.validate.min.js
ERR: 无法加载控制器:Themes

[ 2017-04-08T13:27:01+08:00 ] ::1 /kjl/themes/simplebootx/Public/assets/js/jquery-3.1.1.min.js
ERR: 无法加载控制器:Themes

[ 2017-04-08T13:28:27+08:00 ] ::1 /kjl/themes/simplebootx/Public/assets/js/jquery.validate.min.js
ERR: 无法加载控制器:Themes

[ 2017-04-08T13:29:38+08:00 ] ::1 /kjl/themes/simplebootx/Public/assets/js/jquery.validate.min.js
ERR: 无法加载控制器:Themes

[ 2017-04-08T13:31:42+08:00 ] ::1 /kjl/themes/simplebootx/Public/assets/js/jquery.validate.min.js
ERR: 无法加载控制器:Themes

[ 2017-04-08T13:32:16+08:00 ] ::1 /kjl/themes/simplebootx/Public/assets/js/jquery.validate.min.js
ERR: 无法加载控制器:Themes

[ 2017-04-08T13:33:15+08:00 ] ::1 /kjl/themes/simplebootx/Public/assets/js/jquery.validate.min.js
ERR: 无法加载控制器:Themes

[ 2017-04-08T13:33:35+08:00 ] ::1 /kjl/themes/simplebootx/Public/assets/js/jquery.validate.min.js
ERR: 无法加载控制器:Themes

[ 2017-04-08T13:33:52+08:00 ] ::1 /kjl/themes/simplebootx/Public/assets/js/jquery.validate.min.js
ERR: 无法加载控制器:Themes

[ 2017-04-08T13:36:08+08:00 ] ::1 /kjl/themes/simplebootx/Public/assets/js/jquery.validate.min.js
ERR: 无法加载控制器:Themes

[ 2017-04-08T13:36:24+08:00 ] ::1 /kjl/themes/simplebootx/Public/assets/js/jquery.validate.min.js
ERR: 无法加载控制器:Themes

[ 2017-04-08T13:36:55+08:00 ] ::1 /kjl/themes/simplebootx/Public/assets/js/jquery.validate.min.js
ERR: 无法加载控制器:Themes

[ 2017-04-08T13:37:35+08:00 ] ::1 /kjl/themes/simplebootx/Public/assets/js/jquery.validate.min.js
ERR: 无法加载控制器:Themes

[ 2017-04-08T13:38:25+08:00 ] ::1 /kjl/themes/simplebootx/Public/assets/js/jquery.validate.min.js
ERR: 无法加载控制器:Themes

[ 2017-04-08T13:38:53+08:00 ] ::1 /kjl/themes/simplebootx/Public/assets/js/jquery.validate.min.js
ERR: 无法加载控制器:Themes

[ 2017-04-08T13:39:09+08:00 ] ::1 /kjl/themes/simplebootx/Public/assets/js/jquery.validate.min.js
ERR: 无法加载控制器:Themes

[ 2017-04-08T13:39:10+08:00 ] ::1 /kjl/themes/simplebootx/Public/assets/js/jquery.validate.min.js
ERR: 无法加载控制器:Themes

[ 2017-04-08T13:40:00+08:00 ] ::1 /kjl/themes/simplebootx/Public/assets/js/jquery.validate.min.js
ERR: 无法加载控制器:Themes

[ 2017-04-08T13:40:00+08:00 ] ::1 /kjl/themes/simplebootx/Public/assets/js/jquery.validate.min.js
ERR: 无法加载控制器:Themes

[ 2017-04-08T13:40:26+08:00 ] ::1 /kjl/themes/simplebootx/Public/assets/js/jquery.validate.min.js
ERR: 无法加载控制器:Themes

[ 2017-04-08T13:40:43+08:00 ] ::1 /kjl/themes/simplebootx/Public/assets/js/jquery.validate.min.js
ERR: 无法加载控制器:Themes

[ 2017-04-08T13:45:24+08:00 ] ::1 /kjl/themes/simplebootx/Public/assets/js/jquery.validate.min.js
ERR: 无法加载控制器:Themes

[ 2017-04-08T13:45:39+08:00 ] ::1 /kjl/themes/simplebootx/Public/assets/js/jquery.validate.min.js
ERR: 无法加载控制器:Themes

[ 2017-04-08T13:45:59+08:00 ] ::1 /kjl/themes/simplebootx/Public/assets/js/jquery.validate.min.js
ERR: 无法加载控制器:Themes

[ 2017-04-08T13:46:15+08:00 ] ::1 /kjl/themes/simplebootx/Public/assets/js/jquery.validate.min.js
ERR: 无法加载控制器:Themes

[ 2017-04-08T13:48:04+08:00 ] ::1 /kjl/themes/simplebootx/Public/assets/js/jquery.validate.min.js
ERR: 无法加载控制器:Themes

[ 2017-04-08T13:48:20+08:00 ] ::1 /kjl/themes/simplebootx/Public/assets/js/jquery.validate.min.js
ERR: 无法加载控制器:Themes

[ 2017-04-08T13:53:52+08:00 ] ::1 /kjl/themes/simplebootx/Public/assets/js/jquery.validate.min.js
ERR: 无法加载控制器:Themes

[ 2017-04-08T13:54:12+08:00 ] ::1 /kjl/themes/simplebootx/Public/assets/js/jquery.validate.min.js
ERR: 无法加载控制器:Themes

[ 2017-04-08T13:55:28+08:00 ] ::1 /kjl/themes/simplebootx/Public/assets/js/jquery.validate.min.js
ERR: 无法加载控制器:Themes

[ 2017-04-08T13:56:23+08:00 ] ::1 /kjl/themes/simplebootx/Public/assets/js/jquery.validate.min.js
ERR: 无法加载控制器:Themes

[ 2017-04-08T13:56:27+08:00 ] ::1 /kjl/themes/simplebootx/Public/assets/js/jquery.validate.min.js
ERR: 无法加载控制器:Themes

[ 2017-04-08T13:56:29+08:00 ] ::1 /kjl/themes/simplebootx/Public/assets/js/jquery.validate.min.js
ERR: 无法加载控制器:Themes

[ 2017-04-08T13:57:27+08:00 ] ::1 /kjl/themes/simplebootx/Public/assets/js/jquery.validate.min.js
ERR: 无法加载控制器:Themes

[ 2017-04-08T13:57:28+08:00 ] ::1 /kjl/themes/simplebootx/Public/assets/js/jquery.validate.min.js
ERR: 无法加载控制器:Themes

[ 2017-04-08T13:57:54+08:00 ] ::1 /kjl/themes/simplebootx/Public/assets/js/jquery.validate.min.js
ERR: 无法加载控制器:Themes

[ 2017-04-08T13:59:19+08:00 ] ::1 /kjl/themes/simplebootx/Public/assets/js/jquery.validate.min.js
ERR: 无法加载控制器:Themes

[ 2017-04-08T14:01:32+08:00 ] ::1 /kjl/themes/simplebootx/Public/assets/js/jquery.validate.min.js
ERR: 无法加载控制器:Themes

[ 2017-04-08T14:01:50+08:00 ] ::1 /kjl/themes/simplebootx/Public/assets/js/jquery.validate.min.js
ERR: 无法加载控制器:Themes

[ 2017-04-08T14:02:40+08:00 ] ::1 /kjl/themes/simplebootx/Public/assets/simpleboot/bootstrap/css/bootstrap.min.css.map
ERR: 无法加载控制器:Themes

[ 2017-04-08T14:12:04+08:00 ] ::1 /kjl/themes/simplebootx/Public/assets/simpleboot/bootstrap/css/bootstrap.min.css.map
ERR: 无法加载控制器:Themes

[ 2017-04-08T14:13:16+08:00 ] ::1 /kjl/themes/simplebootx/Public/assets/js/jquery.validate.min.js
ERR: 无法加载控制器:Themes

[ 2017-04-08T14:13:53+08:00 ] ::1 /kjl/themes/simplebootx/Public/assets/js/jquery.validate.min.js
ERR: 无法加载控制器:Themes

[ 2017-04-08T14:13:56+08:00 ] ::1 /kjl/themes/simplebootx/Public/assets/simpleboot/bootstrap/css/bootstrap.min.css.map
ERR: 无法加载控制器:Themes

[ 2017-04-08T14:16:17+08:00 ] ::1 /kjl/themes/simplebootx/Public/assets/js/jquery.validate.min.js
ERR: 无法加载控制器:Themes

[ 2017-04-08T14:16:33+08:00 ] ::1 /kjl/themes/simplebootx/Public/assets/js/jquery.validate.min.js
ERR: 无法加载控制器:Themes

[ 2017-04-08T14:16:39+08:00 ] ::1 /kjl/themes/simplebootx/Public/assets/simpleboot/bootstrap/css/bootstrap.min.css.map
ERR: 无法加载控制器:Themes

[ 2017-04-08T14:17:26+08:00 ] ::1 /kjl/themes/simplebootx/Public/assets/js/jquery.validate.min.js
ERR: 无法加载控制器:Themes

[ 2017-04-08T14:17:42+08:00 ] ::1 /kjl/themes/simplebootx/Public/assets/js/jquery.validate.min.js
ERR: 无法加载控制器:Themes

[ 2017-04-08T14:17:45+08:00 ] ::1 /kjl/themes/simplebootx/Public/assets/simpleboot/bootstrap/css/bootstrap.min.css.map
ERR: 无法加载控制器:Themes

[ 2017-04-08T14:19:17+08:00 ] ::1 /kjl/themes/simplebootx/Public/assets/js/jquery.validate.min.js
ERR: 无法加载控制器:Themes

[ 2017-04-08T14:19:43+08:00 ] ::1 /kjl/themes/simplebootx/Public/assets/js/jquery.validate.min.js
ERR: 无法加载控制器:Themes

[ 2017-04-08T14:19:46+08:00 ] ::1 /kjl/themes/simplebootx/Public/assets/simpleboot/bootstrap/css/bootstrap.min.css.map
ERR: 无法加载控制器:Themes

[ 2017-04-08T14:19:49+08:00 ] ::1 /kjl/themes/simplebootx/Public/assets/js/jquery.validate.min.js
ERR: 无法加载控制器:Themes

[ 2017-04-08T14:19:49+08:00 ] ::1 /kjl/themes/simplebootx/Public/assets/js/jquery.validate.min.js
ERR: 无法加载控制器:Themes

[ 2017-04-08T14:20:06+08:00 ] ::1 /kjl/themes/simplebootx/Public/assets/js/jquery.validate.min.js
ERR: 无法加载控制器:Themes

[ 2017-04-08T14:20:48+08:00 ] ::1 /kjl/themes/simplebootx/Public/assets/js/jquery.validate.min.js
ERR: 无法加载控制器:Themes

[ 2017-04-08T14:24:57+08:00 ] ::1 /kjl/themes/simplebootx/Public/assets/js/jquery.validate.min.js
ERR: 无法加载控制器:Themes

[ 2017-04-08T14:25:19+08:00 ] ::1 /kjl/themes/simplebootx/Public/assets/js/jquery.validate.min.js
ERR: 无法加载控制器:Themes

[ 2017-04-08T14:25:20+08:00 ] ::1 /kjl/themes/simplebootx/Public/assets/js/jquery.validate.min.js
ERR: 无法加载控制器:Themes

[ 2017-04-08T14:25:57+08:00 ] ::1 /kjl/themes/simplebootx/Public/assets/js/jquery.validate.min.js
ERR: 无法加载控制器:Themes

[ 2017-04-08T14:26:28+08:00 ] ::1 /kjl/themes/simplebootx/Public/assets/js/jquery.validate.min.js
ERR: 无法加载控制器:Themes

[ 2017-04-08T14:26:30+08:00 ] ::1 /kjl/themes/simplebootx/Public/assets/simpleboot/bootstrap/css/bootstrap.min.css.map
ERR: 无法加载控制器:Themes

[ 2017-04-08T14:26:37+08:00 ] ::1 /kjl/themes/simplebootx/Public/assets/js/jquery.validate.min.js
ERR: 无法加载控制器:Themes

[ 2017-04-08T14:27:37+08:00 ] ::1 /kjl/themes/simplebootx/Public/assets/js/jquery.validate.min.js
ERR: 无法加载控制器:Themes

[ 2017-04-08T14:27:54+08:00 ] ::1 /kjl/themes/simplebootx/Public/assets/js/jquery.validate.min.js
ERR: 无法加载控制器:Themes

[ 2017-04-08T14:27:57+08:00 ] ::1 /kjl/themes/simplebootx/Public/assets/js/jquery.validate.min.js
ERR: 无法加载控制器:Themes

[ 2017-04-08T14:27:57+08:00 ] ::1 /kjl/themes/simplebootx/Public/assets/js/jquery.validate.min.js
ERR: 无法加载控制器:Themes

[ 2017-04-08T14:27:59+08:00 ] ::1 /kjl/themes/simplebootx/Public/assets/simpleboot/bootstrap/css/bootstrap.min.css.map
ERR: 无法加载控制器:Themes

[ 2017-04-08T14:28:31+08:00 ] ::1 /kjl/themes/simplebootx/Public/assets/js/jquery.validate.min.js
ERR: 无法加载控制器:Themes

[ 2017-04-08T14:28:32+08:00 ] ::1 /kjl/themes/simplebootx/Public/assets/js/jquery.validate.min.js
ERR: 无法加载控制器:Themes

[ 2017-04-08T14:29:49+08:00 ] ::1 /kjl/themes/simplebootx/Public/assets/js/jquery.validate.min.js
ERR: 无法加载控制器:Themes

[ 2017-04-08T14:30:27+08:00 ] ::1 /kjl/themes/simplebootx/Public/assets/js/jquery.validate.min.js
ERR: 无法加载控制器:Themes

[ 2017-04-08T14:30:29+08:00 ] ::1 /kjl/themes/simplebootx/Public/assets/simpleboot/bootstrap/css/bootstrap.min.css.map
ERR: 无法加载控制器:Themes

[ 2017-04-08T14:36:25+08:00 ] ::1 /kjl/themes/simplebootx/Public/assets/js/jquery.validate.min.js
ERR: 无法加载控制器:Themes

[ 2017-04-08T14:36:41+08:00 ] ::1 /kjl/themes/simplebootx/Public/assets/js/jquery.validate.min.js
ERR: 无法加载控制器:Themes

[ 2017-04-08T14:39:22+08:00 ] ::1 /kjl/themes/simplebootx/Public/assets/js/jquery.validate.min.js
ERR: 无法加载控制器:Themes

[ 2017-04-08T14:39:59+08:00 ] ::1 /kjl/themes/simplebootx/Public/assets/js/jquery.validate.min.js
ERR: 无法加载控制器:Themes

[ 2017-04-08T14:40:23+08:00 ] ::1 /kjl/themes/simplebootx/Public/assets/js/jquery.validate.min.js
ERR: 无法加载控制器:Themes

[ 2017-04-08T14:40:39+08:00 ] ::1 /kjl/themes/simplebootx/Public/assets/js/jquery.validate.min.js
ERR: 无法加载控制器:Themes

[ 2017-04-08T14:41:41+08:00 ] ::1 /kjl/themes/simplebootx/Public/assets/js/jquery.validate.min.js
ERR: 无法加载控制器:Themes

[ 2017-04-08T14:42:39+08:00 ] ::1 /kjl/themes/simplebootx/Public/assets/js/jquery.validate.min.js
ERR: 无法加载控制器:Themes

[ 2017-04-08T14:42:44+08:00 ] ::1 /kjl/themes/simplebootx/Public/assets/simpleboot/bootstrap/css/bootstrap.min.css.map
ERR: 无法加载控制器:Themes

[ 2017-04-08T14:43:15+08:00 ] ::1 /kjl/themes/simplebootx/Public/assets/js/jquery.validate.min.js
ERR: 无法加载控制器:Themes

[ 2017-04-08T14:45:27+08:00 ] ::1 /kjl/themes/simplebootx/Public/assets/js/jquery.validate.min.js
ERR: 无法加载控制器:Themes

[ 2017-04-08T14:45:30+08:00 ] ::1 /kjl/themes/simplebootx/Public/assets/simpleboot/bootstrap/css/bootstrap.min.css.map
ERR: 无法加载控制器:Themes

[ 2017-04-08T14:45:40+08:00 ] ::1 /kjl/themes/simplebootx/Public/assets/js/jquery.validate.min.js
ERR: 无法加载控制器:Themes

[ 2017-04-08T14:45:51+08:00 ] ::1 /kjl/themes/simplebootx/Public/assets/js/jquery.validate.min.js
ERR: 无法加载控制器:Themes

[ 2017-04-08T14:45:56+08:00 ] ::1 /kjl/themes/simplebootx/Public/assets/js/jquery.validate.min.js
ERR: 无法加载控制器:Themes

[ 2017-04-08T14:45:59+08:00 ] ::1 /kjl/themes/simplebootx/Public/assets/simpleboot/bootstrap/css/bootstrap.min.css.map
ERR: 无法加载控制器:Themes

[ 2017-04-08T14:46:08+08:00 ] ::1 /kjl/themes/simplebootx/Public/assets/js/jquery.validate.min.js
ERR: 无法加载控制器:Themes

[ 2017-04-08T14:47:18+08:00 ] ::1 /kjl/themes/simplebootx/Public/assets/js/jquery.validate.min.js
ERR: 无法加载控制器:Themes

[ 2017-04-08T14:48:00+08:00 ] ::1 /kjl/themes/simplebootx/Public/assets/js/jquery.validate.min.js
ERR: 无法加载控制器:Themes

[ 2017-04-08T14:48:00+08:00 ] ::1 /kjl/themes/simplebootx/Public/assets/js/jquery.validate.min.js
ERR: 无法加载控制器:Themes

[ 2017-04-08T14:48:30+08:00 ] ::1 /kjl/themes/simplebootx/Public/assets/js/jquery.validate.min.js
ERR: 无法加载控制器:Themes

[ 2017-04-08T14:48:38+08:00 ] ::1 /kjl/themes/simplebootx/Public/assets/js/jquery.validate.min.js
ERR: 无法加载控制器:Themes

[ 2017-04-08T14:48:42+08:00 ] ::1 /kjl/themes/simplebootx/Public/assets/simpleboot/bootstrap/css/bootstrap.min.css.map
ERR: 无法加载控制器:Themes

[ 2017-04-08T14:48:46+08:00 ] ::1 /kjl/themes/simplebootx/Public/assets/js/jquery.validate.min.js
ERR: 无法加载控制器:Themes

[ 2017-04-08T14:49:23+08:00 ] ::1 /kjl/themes/simplebootx/Public/assets/js/jquery.validate.min.js
ERR: 无法加载控制器:Themes

[ 2017-04-08T14:50:07+08:00 ] ::1 /kjl/themes/simplebootx/Public/assets/js/jquery.validate.min.js
ERR: 无法加载控制器:Themes

[ 2017-04-08T14:50:10+08:00 ] ::1 /kjl/themes/simplebootx/Public/assets/js/jquery.validate.min.js
ERR: 无法加载控制器:Themes

[ 2017-04-08T14:50:40+08:00 ] ::1 /kjl/themes/simplebootx/Public/assets/js/jquery.validate.min.js
ERR: 无法加载控制器:Themes

[ 2017-04-08T14:56:31+08:00 ] ::1 /kjl/themes/simplebootx/Public/assets/js/jquery.validate.min.js
ERR: 无法加载控制器:Themes

[ 2017-04-08T14:58:10+08:00 ] ::1 /kjl/themes/simplebootx/Public/assets/js/jquery.validate.min.js
ERR: 无法加载控制器:Themes

[ 2017-04-08T14:58:13+08:00 ] ::1 /kjl/themes/simplebootx/Public/assets/js/jquery.validate.min.js
ERR: 无法加载控制器:Themes

[ 2017-04-08T14:58:22+08:00 ] ::1 /kjl/themes/simplebootx/Public/assets/js/jquery.validate.min.js
ERR: 无法加载控制器:Themes

[ 2017-04-08T14:58:48+08:00 ] ::1 /kjl/themes/simplebootx/Public/assets/js/jquery.validate.min.js
ERR: 无法加载控制器:Themes

[ 2017-04-08T14:58:51+08:00 ] ::1 /kjl/themes/simplebootx/Public/assets/simpleboot/bootstrap/css/bootstrap.min.css.map
ERR: 无法加载控制器:Themes

[ 2017-04-08T14:59:00+08:00 ] ::1 /kjl/themes/simplebootx/Public/assets/js/jquery.validate.min.js
ERR: 无法加载控制器:Themes

[ 2017-04-08T14:59:22+08:00 ] ::1 /kjl/themes/simplebootx/Public/assets/js/jquery.validate.min.js
ERR: 无法加载控制器:Themes

[ 2017-04-08T14:59:48+08:00 ] ::1 /kjl/themes/simplebootx/Public/assets/js/jquery.validate.min.js
ERR: 无法加载控制器:Themes

[ 2017-04-08T15:00:20+08:00 ] ::1 /kjl/themes/simplebootx/Public/assets/js/jquery.validate.min.js
ERR: 无法加载控制器:Themes

[ 2017-04-08T15:00:24+08:00 ] ::1 /kjl/themes/simplebootx/Public/assets/simpleboot/bootstrap/css/bootstrap.min.css.map
ERR: 无法加载控制器:Themes

[ 2017-04-08T15:00:58+08:00 ] ::1 /kjl/themes/simplebootx/Public/assets/js/jquery.validate.min.js
ERR: 无法加载控制器:Themes

[ 2017-04-08T15:01:00+08:00 ] ::1 /kjl/themes/simplebootx/Public/assets/js/jquery.validate.min.js
ERR: 无法加载控制器:Themes

[ 2017-04-08T15:01:02+08:00 ] ::1 /kjl/themes/simplebootx/Public/assets/js/jquery.validate.min.js
ERR: 无法加载控制器:Themes

[ 2017-04-08T15:01:18+08:00 ] ::1 /kjl/themes/simplebootx/Public/assets/js/jquery.validate.min.js
ERR: 无法加载控制器:Themes

[ 2017-04-08T15:02:39+08:00 ] ::1 /kjl/themes/simplebootx/Public/assets/simpleboot/bootstrap/css/bootstrap.min.css.map
ERR: 无法加载控制器:Themes

[ 2017-04-08T15:02:42+08:00 ] ::1 /kjl/themes/simplebootx/Public/assets/js/jquery.validate.min.js
ERR: 无法加载控制器:Themes

[ 2017-04-08T15:03:19+08:00 ] ::1 /kjl/themes/simplebootx/Public/assets/js/jquery.validate.min.js
ERR: 无法加载控制器:Themes

[ 2017-04-08T15:03:40+08:00 ] ::1 /kjl/themes/simplebootx/Public/assets/js/jquery.validate.min.js
ERR: 无法加载控制器:Themes

[ 2017-04-08T15:04:00+08:00 ] ::1 /kjl/themes/simplebootx/Public/assets/simpleboot/bootstrap/css/bootstrap.min.css.map
ERR: 无法加载控制器:Themes

[ 2017-04-08T15:04:07+08:00 ] ::1 /kjl/themes/simplebootx/Public/assets/js/jquery.validate.min.js
ERR: 无法加载控制器:Themes

[ 2017-04-08T15:04:20+08:00 ] ::1 /kjl/themes/simplebootx/Public/assets/js/jquery.validate.min.js
ERR: 无法加载控制器:Themes

[ 2017-04-08T15:05:21+08:00 ] ::1 /kjl/themes/simplebootx/Public/assets/js/jquery.validate.min.js
ERR: 无法加载控制器:Themes

[ 2017-04-08T15:05:34+08:00 ] ::1 /kjl/themes/simplebootx/Public/assets/js/jquery.validate.min.js
ERR: 无法加载控制器:Themes

[ 2017-04-08T15:05:47+08:00 ] ::1 /kjl/themes/simplebootx/Public/assets/js/jquery.validate.min.js
ERR: 无法加载控制器:Themes

[ 2017-04-08T15:05:51+08:00 ] ::1 /kjl/themes/simplebootx/Public/assets/js/jquery.validate.min.js
ERR: 无法加载控制器:Themes

[ 2017-04-08T15:06:16+08:00 ] ::1 /kjl/themes/simplebootx/Public/assets/simpleboot/bootstrap/css/bootstrap.min.css.map
ERR: 无法加载控制器:Themes

[ 2017-04-08T15:06:45+08:00 ] ::1 /kjl/themes/simplebootx/Public/assets/js/jquery.validate.min.js
ERR: 无法加载控制器:Themes

[ 2017-04-08T15:07:05+08:00 ] ::1 /kjl/themes/simplebootx/Public/assets/js/jquery.validate.min.js
ERR: 无法加载控制器:Themes

[ 2017-04-08T15:07:21+08:00 ] ::1 /kjl/themes/simplebootx/Public/assets/js/jquery.validate.min.js
ERR: 无法加载控制器:Themes

[ 2017-04-08T15:07:23+08:00 ] ::1 /kjl/themes/simplebootx/Public/assets/simpleboot/bootstrap/css/bootstrap.min.css.map
ERR: 无法加载控制器:Themes

[ 2017-04-08T15:08:05+08:00 ] ::1 /kjl/themes/simplebootx/Public/assets/js/jquery.validate.min.js
ERR: 无法加载控制器:Themes

[ 2017-04-08T15:08:58+08:00 ] ::1 /kjl/themes/simplebootx/Public/assets/js/jquery.validate.min.js
ERR: 无法加载控制器:Themes

[ 2017-04-08T15:09:29+08:00 ] ::1 /kjl/themes/simplebootx/Public/assets/js/jquery.validate.min.js
ERR: 无法加载控制器:Themes

[ 2017-04-08T15:09:32+08:00 ] ::1 /kjl/themes/simplebootx/Public/assets/simpleboot/bootstrap/css/bootstrap.min.css.map
ERR: 无法加载控制器:Themes

[ 2017-04-08T15:10:35+08:00 ] ::1 /kjl/themes/simplebootx/Public/assets/js/jquery.validate.min.js
ERR: 无法加载控制器:Themes

[ 2017-04-08T15:10:35+08:00 ] ::1 /kjl/themes/simplebootx/Public/assets/js/jquery.validate.min.js
ERR: 无法加载控制器:Themes

[ 2017-04-08T15:11:10+08:00 ] ::1 /kjl/themes/simplebootx/Public/assets/js/jquery.validate.min.js
ERR: 无法加载控制器:Themes

[ 2017-04-08T15:11:21+08:00 ] ::1 /kjl/themes/simplebootx/Public/assets/js/jquery.validate.min.js
ERR: 无法加载控制器:Themes

[ 2017-04-08T15:11:33+08:00 ] ::1 /kjl/themes/simplebootx/Public/assets/js/jquery.validate.min.js
ERR: 无法加载控制器:Themes

[ 2017-04-08T15:11:36+08:00 ] ::1 /kjl/themes/simplebootx/Public/assets/simpleboot/bootstrap/css/bootstrap.min.css.map
ERR: 无法加载控制器:Themes

[ 2017-04-08T15:11:37+08:00 ] ::1 /kjl/themes/simplebootx/Public/assets/js/jquery.validate.min.js
ERR: 无法加载控制器:Themes

[ 2017-04-08T15:11:46+08:00 ] ::1 /kjl/themes/simplebootx/Public/assets/js/jquery.validate.min.js
ERR: 无法加载控制器:Themes

[ 2017-04-08T15:11:54+08:00 ] ::1 /kjl/themes/simplebootx/Public/assets/js/jquery.validate.min.js
ERR: 无法加载控制器:Themes

[ 2017-04-08T15:12:30+08:00 ] ::1 /kjl/themes/simplebootx/Public/assets/js/jquery.validate.min.js
ERR: 无法加载控制器:Themes

[ 2017-04-08T15:12:49+08:00 ] ::1 /kjl/themes/simplebootx/Public/assets/js/jquery.validate.min.js
ERR: 无法加载控制器:Themes

[ 2017-04-08T15:12:51+08:00 ] ::1 /kjl/themes/simplebootx/Public/assets/simpleboot/bootstrap/css/bootstrap.min.css.map
ERR: 无法加载控制器:Themes

[ 2017-04-08T15:12:52+08:00 ] ::1 /kjl/themes/simplebootx/Public/assets/js/jquery.validate.min.js
ERR: 无法加载控制器:Themes

[ 2017-04-08T15:13:51+08:00 ] ::1 /kjl/themes/simplebootx/Public/assets/js/jquery.validate.min.js
ERR: 无法加载控制器:Themes

[ 2017-04-08T15:14:32+08:00 ] ::1 /kjl/themes/simplebootx/Public/assets/js/jquery.validate.min.js
ERR: 无法加载控制器:Themes

[ 2017-04-08T15:15:34+08:00 ] ::1 /kjl/themes/simplebootx/Public/assets/js/jquery.validate.min.js
ERR: 无法加载控制器:Themes

[ 2017-04-08T15:15:38+08:00 ] ::1 /kjl/themes/simplebootx/Public/assets/js/jquery.validate.min.js
ERR: 无法加载控制器:Themes

[ 2017-04-08T15:16:12+08:00 ] ::1 /kjl/themes/simplebootx/Public/assets/js/jquery.validate.min.js
ERR: 无法加载控制器:Themes

[ 2017-04-08T15:16:15+08:00 ] ::1 /kjl/themes/simplebootx/Public/assets/simpleboot/bootstrap/css/bootstrap.min.css.map
ERR: 无法加载控制器:Themes

[ 2017-04-08T15:16:29+08:00 ] ::1 /kjl/themes/simplebootx/Public/assets/js/jquery.validate.min.js
ERR: 无法加载控制器:Themes

[ 2017-04-08T15:19:01+08:00 ] ::1 /kjl/themes/simplebootx/Public/assets/js/jquery.validate.min.js
ERR: 无法加载控制器:Themes

[ 2017-04-08T15:19:10+08:00 ] ::1 /kjl/themes/simplebootx/Public/assets/js/jquery.validate.min.js
ERR: 无法加载控制器:Themes

[ 2017-04-08T15:19:29+08:00 ] ::1 /kjl/themes/simplebootx/Public/assets/js/jquery.validate.min.js
ERR: 无法加载控制器:Themes

[ 2017-04-08T15:19:36+08:00 ] ::1 /kjl/themes/simplebootx/Public/assets/js/jquery.validate.min.js
ERR: 无法加载控制器:Themes

[ 2017-04-08T15:20:38+08:00 ] ::1 /kjl/themes/simplebootx/Public/assets/js/jquery.validate.min.js
ERR: 无法加载控制器:Themes

[ 2017-04-08T15:20:55+08:00 ] ::1 /kjl/themes/simplebootx/Public/assets/js/jquery.validate.min.js
ERR: 无法加载控制器:Themes

[ 2017-04-08T15:21:12+08:00 ] ::1 /kjl/themes/simplebootx/Public/assets/js/jquery.validate.min.js
ERR: 无法加载控制器:Themes

[ 2017-04-08T15:21:54+08:00 ] ::1 /kjl/themes/simplebootx/Public/assets/js/jquery.validate.min.js
ERR: 无法加载控制器:Themes

[ 2017-04-08T15:21:57+08:00 ] ::1 /kjl/themes/simplebootx/Public/assets/js/jquery.validate.min.js
ERR: 无法加载控制器:Themes

[ 2017-04-08T15:22:25+08:00 ] ::1 /kjl/themes/simplebootx/Public/assets/js/jquery.validate.min.js
ERR: 无法加载控制器:Themes

[ 2017-04-08T15:22:42+08:00 ] ::1 /kjl/themes/simplebootx/Public/assets/js/jquery.validate.min.js
ERR: 无法加载控制器:Themes

[ 2017-04-08T15:22:46+08:00 ] ::1 /kjl/themes/simplebootx/Public/assets/simpleboot/bootstrap/css/bootstrap.min.css.map
ERR: 无法加载控制器:Themes

[ 2017-04-08T15:22:54+08:00 ] ::1 /kjl/themes/simplebootx/Public/assets/simpleboot/bootstrap/css/bootstrap.min.css.map
ERR: 无法加载控制器:Themes

[ 2017-04-08T15:24:11+08:00 ] ::1 /kjl/themes/simplebootx/Public/assets/js/jquery.validate.min.js
ERR: 无法加载控制器:Themes

[ 2017-04-08T15:24:31+08:00 ] ::1 /kjl/themes/simplebootx/Public/assets/js/jquery.validate.min.js
ERR: 无法加载控制器:Themes

[ 2017-04-08T15:24:33+08:00 ] ::1 /kjl/themes/simplebootx/Public/assets/simpleboot/bootstrap/css/bootstrap.min.css.map
ERR: 无法加载控制器:Themes

[ 2017-04-08T15:25:15+08:00 ] ::1 /kjl/themes/simplebootx/Public/assets/js/jquery.validate.min.js
ERR: 无法加载控制器:Themes

[ 2017-04-08T15:25:22+08:00 ] ::1 /kjl/themes/simplebootx/Public/assets/js/jquery.validate.min.js
ERR: 无法加载控制器:Themes

[ 2017-04-08T15:26:34+08:00 ] ::1 /kjl/themes/simplebootx/Public/assets/js/jquery.validate.min.js
ERR: 无法加载控制器:Themes

[ 2017-04-08T15:26:39+08:00 ] ::1 /kjl/themes/simplebootx/Public/assets/simpleboot/bootstrap/css/bootstrap.min.css.map
ERR: 无法加载控制器:Themes

[ 2017-04-08T15:27:11+08:00 ] ::1 /kjl/themes/simplebootx/Public/assets/js/jquery.validate.min.js
ERR: 无法加载控制器:Themes

[ 2017-04-08T15:27:14+08:00 ] ::1 /kjl/themes/simplebootx/Public/assets/simpleboot/bootstrap/css/bootstrap.min.css.map
ERR: 无法加载控制器:Themes

[ 2017-04-08T15:27:35+08:00 ] ::1 /kjl/themes/simplebootx/Public/assets/js/jquery.validate.min.js
ERR: 无法加载控制器:Themes

[ 2017-04-08T15:27:51+08:00 ] ::1 /kjl/themes/simplebootx/Public/assets/js/jquery.validate.min.js
ERR: 无法加载控制器:Themes

[ 2017-04-08T15:27:54+08:00 ] ::1 /kjl/themes/simplebootx/Public/assets/simpleboot/bootstrap/css/bootstrap.min.css.map
ERR: 无法加载控制器:Themes

[ 2017-04-08T15:36:19+08:00 ] ::1 /kjl/themes/simplebootx/Public/assets/js/jquery.validate.min.js
ERR: 无法加载控制器:Themes

[ 2017-04-08T15:36:45+08:00 ] ::1 /kjl/themes/simplebootx/Public/assets/js/jquery.validate.min.js
ERR: 无法加载控制器:Themes

[ 2017-04-08T15:37:21+08:00 ] ::1 /kjl/themes/simplebootx/Public/assets/js/jquery.validate.min.js
ERR: 无法加载控制器:Themes

[ 2017-04-08T15:37:30+08:00 ] ::1 /kjl/themes/simplebootx/Public/assets/simpleboot/bootstrap/css/bootstrap.min.css.map
ERR: 无法加载控制器:Themes

[ 2017-04-08T15:37:30+08:00 ] ::1 /kjl/themes/simplebootx/Public/assets/simpleboot/bootstrap/css/bootstrap-theme.min.css.map
ERR: 无法加载控制器:Themes

[ 2017-04-08T15:37:40+08:00 ] ::1 /kjl/themes/simplebootx/Public/assets/js/jquery.validate.min.js
ERR: 无法加载控制器:Themes

[ 2017-04-08T15:39:20+08:00 ] ::1 /kjl/themes/simplebootx/Public/assets/simpleboot/bootstrap/css/bootstrap.min.css.map
ERR: 无法加载控制器:Themes

[ 2017-04-08T15:39:20+08:00 ] ::1 /kjl/themes/simplebootx/Public/assets/simpleboot/bootstrap/css/bootstrap-theme.min.css.map
ERR: 无法加载控制器:Themes

[ 2017-04-08T15:39:29+08:00 ] ::1 /kjl/themes/simplebootx/Public/assets/js/jquery.validate.min.js
ERR: 无法加载控制器:Themes

[ 2017-04-08T15:39:30+08:00 ] ::1 /kjl/themes/simplebootx/Public/assets/js/jquery.validate.min.js
ERR: 无法加载控制器:Themes

[ 2017-04-08T15:39:46+08:00 ] ::1 /kjl/themes/simplebootx/Public/assets/js/jquery.validate.min.js
ERR: 无法加载控制器:Themes

[ 2017-04-08T15:39:50+08:00 ] ::1 /kjl/themes/simplebootx/Public/assets/js/jquery.validate.min.js
ERR: 无法加载控制器:Themes

[ 2017-04-08T15:39:50+08:00 ] ::1 /kjl/themes/simplebootx/Public/assets/js/jquery.validate.min.js
ERR: 无法加载控制器:Themes

[ 2017-04-08T15:40:38+08:00 ] ::1 /kjl/themes/simplebootx/Public/assets/js/jquery.validate.min.js
ERR: 无法加载控制器:Themes

[ 2017-04-08T15:40:42+08:00 ] ::1 /kjl/themes/simplebootx/Public/assets/js/jquery.validate.min.js
ERR: 无法加载控制器:Themes

[ 2017-04-08T15:40:43+08:00 ] ::1 /kjl/themes/simplebootx/Public/assets/simpleboot/bootstrap/css/bootstrap.min.css.map
ERR: 无法加载控制器:Themes

[ 2017-04-08T15:41:24+08:00 ] ::1 /kjl/themes/simplebootx/Public/assets/js/jquery.validate.min.js
ERR: 无法加载控制器:Themes

[ 2017-04-08T15:50:24+08:00 ] ::1 /kjl/themes/simplebootx/Public/assets/js/jquery.validate.min.js
ERR: 无法加载控制器:Themes

[ 2017-04-08T15:50:24+08:00 ] ::1 /kjl/themes/simplebootx/Public/assets/simpleboot/bootstrap/css/bootstrap-theme.min.css.map
ERR: 无法加载控制器:Themes

[ 2017-04-08T15:50:24+08:00 ] ::1 /kjl/themes/simplebootx/Public/assets/simpleboot/bootstrap/css/bootstrap.min.css.map
ERR: 无法加载控制器:Themes

[ 2017-04-08T15:50:24+08:00 ] ::1 /kjl/themes/simplebootx/Public/assets/js/jquery.validate.min.js
ERR: 无法加载控制器:Themes

[ 2017-04-08T15:50:31+08:00 ] ::1 /kjl/themes/simplebootx/Public/assets/js/jquery.validate.min.js
ERR: 无法加载控制器:Themes

[ 2017-04-08T15:50:31+08:00 ] ::1 /kjl/themes/simplebootx/Public/assets/js/jquery.validate.min.js
ERR: 无法加载控制器:Themes

[ 2017-04-08T15:50:49+08:00 ] ::1 /kjl/themes/simplebootx/Public/assets/js/jquery.validate.min.js
ERR: 无法加载控制器:Themes

[ 2017-04-08T15:51:15+08:00 ] ::1 /kjl/themes/simplebootx/Public/assets/js/jquery.validate.min.js
ERR: 无法加载控制器:Themes

[ 2017-04-08T15:51:50+08:00 ] ::1 /kjl/themes/simplebootx/Public/assets/js/jquery.validate.min.js
ERR: 无法加载控制器:Themes

[ 2017-04-08T15:51:55+08:00 ] ::1 /kjl/themes/simplebootx/Public/assets/simpleboot/bootstrap/css/bootstrap.min.css.map
ERR: 无法加载控制器:Themes

[ 2017-04-08T15:52:27+08:00 ] ::1 /kjl/themes/simplebootx/Public/assets/js/jquery.validate.min.js
ERR: 无法加载控制器:Themes

[ 2017-04-08T15:54:53+08:00 ] ::1 /kjl/themes/simplebootx/Public/assets/js/jquery.validate.min.js
ERR: 无法加载控制器:Themes

[ 2017-04-08T15:55:25+08:00 ] ::1 /kjl/themes/simplebootx/Public/assets/js/jquery.validate.min.js
ERR: 无法加载控制器:Themes

[ 2017-04-08T15:55:32+08:00 ] ::1 /kjl/themes/simplebootx/Public/assets/js/jquery.validate.min.js
ERR: 无法加载控制器:Themes

[ 2017-04-08T15:55:37+08:00 ] ::1 /kjl/themes/simplebootx/Public/assets/simpleboot/bootstrap/css/bootstrap.min.css.map
ERR: 无法加载控制器:Themes

[ 2017-04-08T15:55:47+08:00 ] ::1 /kjl/themes/simplebootx/Public/assets/js/jquery.validate.min.js
ERR: 无法加载控制器:Themes

[ 2017-04-08T15:57:43+08:00 ] ::1 /kjl/themes/simplebootx/Public/assets/js/jquery.validate.min.js
ERR: 无法加载控制器:Themes

[ 2017-04-08T15:58:41+08:00 ] ::1 /kjl/themes/simplebootx/Public/assets/js/jquery.validate.min.js
ERR: 无法加载控制器:Themes

[ 2017-04-08T15:58:44+08:00 ] ::1 /kjl/themes/simplebootx/Public/assets/simpleboot/bootstrap/css/bootstrap.min.css.map
ERR: 无法加载控制器:Themes

[ 2017-04-08T16:06:25+08:00 ] ::1 /kjl/themes/simplebootx/Public/assets/js/jquery.validate.min.js
ERR: 无法加载控制器:Themes

[ 2017-04-08T16:07:03+08:00 ] ::1 /kjl/themes/simplebootx/Public/assets/js/jquery.validate.min.js
ERR: 无法加载控制器:Themes

[ 2017-04-08T16:07:06+08:00 ] ::1 /kjl/themes/simplebootx/Public/assets/simpleboot/bootstrap/css/bootstrap.min.css.map
ERR: 无法加载控制器:Themes

[ 2017-04-08T16:08:02+08:00 ] ::1 /kjl/themes/simplebootx/Public/assets/js/jquery.validate.min.js
ERR: 无法加载控制器:Themes

[ 2017-04-08T16:08:36+08:00 ] ::1 /kjl/themes/simplebootx/Public/assets/js/jquery.validate.min.js
ERR: 无法加载控制器:Themes

[ 2017-04-08T16:08:40+08:00 ] ::1 /kjl/themes/simplebootx/Public/assets/simpleboot/bootstrap/css/bootstrap.min.css.map
ERR: 无法加载控制器:Themes

[ 2017-04-08T16:09:14+08:00 ] ::1 /kjl/themes/simplebootx/Public/assets/js/jquery.validate.min.js
ERR: 无法加载控制器:Themes

[ 2017-04-08T16:09:31+08:00 ] ::1 /kjl/themes/simplebootx/Public/assets/js/jquery.validate.min.js
ERR: 无法加载控制器:Themes

[ 2017-04-08T16:09:35+08:00 ] ::1 /kjl/themes/simplebootx/Public/assets/simpleboot/bootstrap/css/bootstrap.min.css.map
ERR: 无法加载控制器:Themes

[ 2017-04-08T16:13:39+08:00 ] ::1 /kjl/themes/simplebootx/Public/assets/js/jquery.validate.min.js
ERR: 无法加载控制器:Themes

[ 2017-04-08T16:13:43+08:00 ] ::1 /kjl/themes/simplebootx/Public/assets/js/jquery.validate.min.js
ERR: 无法加载控制器:Themes

[ 2017-04-08T16:13:46+08:00 ] ::1 /kjl/themes/simplebootx/Public/assets/simpleboot/bootstrap/css/bootstrap.min.css.map
ERR: 无法加载控制器:Themes

[ 2017-04-08T16:15:47+08:00 ] ::1 /kjl/themes/simplebootx/Public/assets/js/jquery.validate.min.js
ERR: 无法加载控制器:Themes

[ 2017-04-08T16:15:53+08:00 ] ::1 /kjl/themes/simplebootx/Public/assets/js/jquery.validate.min.js
ERR: 无法加载控制器:Themes

[ 2017-04-08T16:15:57+08:00 ] ::1 /kjl/themes/simplebootx/Public/assets/simpleboot/bootstrap/css/bootstrap.min.css.map
ERR: 无法加载控制器:Themes

[ 2017-04-08T16:18:08+08:00 ] ::1 /kjl/themes/simplebootx/Public/assets/js/jquery.validate.min.js
ERR: 无法加载控制器:Themes

[ 2017-04-08T16:18:14+08:00 ] ::1 /kjl/themes/simplebootx/Public/assets/js/jquery.validate.min.js
ERR: 无法加载控制器:Themes

[ 2017-04-08T16:18:16+08:00 ] ::1 /kjl/themes/simplebootx/Public/assets/js/jquery.validate.min.js
ERR: 无法加载控制器:Themes

[ 2017-04-08T16:18:16+08:00 ] ::1 /kjl/themes/simplebootx/Public/assets/js/jquery.validate.min.js
ERR: 无法加载控制器:Themes

[ 2017-04-08T16:18:18+08:00 ] ::1 /kjl/themes/simplebootx/Public/assets/simpleboot/bootstrap/css/bootstrap.min.css.map
ERR: 无法加载控制器:Themes

[ 2017-04-08T16:18:18+08:00 ] ::1 /kjl/themes/simplebootx/Public/assets/simpleboot/bootstrap/css/bootstrap-theme.min.css.map
ERR: 无法加载控制器:Themes

[ 2017-04-08T16:18:19+08:00 ] ::1 /kjl/themes/simplebootx/Public/assets/js/jquery.validate.min.js
ERR: 无法加载控制器:Themes

[ 2017-04-08T16:18:19+08:00 ] ::1 /kjl/themes/simplebootx/Public/assets/js/jquery.validate.min.js
ERR: 无法加载控制器:Themes

[ 2017-04-08T16:18:20+08:00 ] ::1 /kjl/themes/simplebootx/Public/assets/simpleboot/bootstrap/css/bootstrap.min.css.map
ERR: 无法加载控制器:Themes

[ 2017-04-08T16:18:20+08:00 ] ::1 /kjl/themes/simplebootx/Public/assets/js/jquery.validate.min.js
ERR: 无法加载控制器:Themes

[ 2017-04-08T16:20:23+08:00 ] ::1 /kjl/themes/simplebootx/Public/assets/js/jquery.validate.min.js
ERR: 无法加载控制器:Themes

[ 2017-04-08T16:20:23+08:00 ] ::1 /kjl/themes/simplebootx/Public/assets/simpleboot/bootstrap/css/bootstrap.min.css.map
ERR: 无法加载控制器:Themes

[ 2017-04-08T16:20:23+08:00 ] ::1 /kjl/themes/simplebootx/Public/assets/simpleboot/bootstrap/css/bootstrap-theme.min.css.map
ERR: 无法加载控制器:Themes

[ 2017-04-08T16:20:23+08:00 ] ::1 /kjl/themes/simplebootx/Public/assets/js/jquery.validate.min.js
ERR: 无法加载控制器:Themes

[ 2017-04-08T16:20:30+08:00 ] ::1 /kjl/themes/simplebootx/Public/assets/js/jquery.validate.min.js
ERR: 无法加载控制器:Themes

[ 2017-04-08T16:20:30+08:00 ] ::1 /kjl/themes/simplebootx/Public/assets/js/jquery.validate.min.js
ERR: 无法加载控制器:Themes

[ 2017-04-08T16:20:35+08:00 ] ::1 /kjl/themes/simplebootx/Public/assets/js/jquery.validate.min.js
ERR: 无法加载控制器:Themes

[ 2017-04-08T16:20:36+08:00 ] ::1 /kjl/themes/simplebootx/Public/assets/js/jquery.validate.min.js
ERR: 无法加载控制器:Themes

[ 2017-04-08T16:20:40+08:00 ] ::1 /kjl/themes/simplebootx/Public/assets/simpleboot/bootstrap/css/bootstrap.min.css.map
ERR: 无法加载控制器:Themes

[ 2017-04-08T16:21:32+08:00 ] ::1 /kjl/themes/simplebootx/Public/assets/js/jquery.validate.min.js
ERR: 无法加载控制器:Themes

[ 2017-04-08T16:21:37+08:00 ] ::1 /kjl/themes/simplebootx/Public/assets/js/jquery.validate.min.js
ERR: 无法加载控制器:Themes

[ 2017-04-08T16:21:41+08:00 ] ::1 /kjl/themes/simplebootx/Public/assets/simpleboot/bootstrap/css/bootstrap.min.css.map
ERR: 无法加载控制器:Themes

[ 2017-04-08T16:21:51+08:00 ] ::1 /kjl/themes/simplebootx/Public/assets/simpleboot/bootstrap/css/bootstrap.min.css.map
ERR: 无法加载控制器:Themes

[ 2017-04-08T16:25:17+08:00 ] ::1 /kjl/themes/simplebootx/Public/assets/js/jquery.validate.min.js
ERR: 无法加载控制器:Themes

[ 2017-04-08T16:25:22+08:00 ] ::1 /kjl/themes/simplebootx/Public/assets/js/jquery.validate.min.js
ERR: 无法加载控制器:Themes

[ 2017-04-08T16:25:27+08:00 ] ::1 /kjl/themes/simplebootx/Public/assets/simpleboot/bootstrap/css/bootstrap.min.css.map
ERR: 无法加载控制器:Themes

[ 2017-04-08T16:28:15+08:00 ] ::1 /kjl/themes/simplebootx/Public/assets/js/jquery.validate.min.js
ERR: 无法加载控制器:Themes

[ 2017-04-08T16:28:21+08:00 ] ::1 /kjl/themes/simplebootx/Public/assets/js/jquery.validate.min.js
ERR: 无法加载控制器:Themes

[ 2017-04-08T16:28:28+08:00 ] ::1 /kjl/themes/simplebootx/Public/assets/js/jquery.validate.min.js
ERR: 无法加载控制器:Themes

[ 2017-04-08T16:28:28+08:00 ] ::1 /kjl/themes/simplebootx/Public/assets/simpleboot/bootstrap/css/bootstrap.min.css.map
ERR: 无法加载控制器:Themes

[ 2017-04-08T16:28:35+08:00 ] ::1 /kjl/themes/simplebootx/Public/assets/js/jquery.validate.min.js
ERR: 无法加载控制器:Themes

[ 2017-04-08T16:28:38+08:00 ] ::1 /kjl/themes/simplebootx/Public/assets/simpleboot/bootstrap/css/bootstrap.min.css.map
ERR: 无法加载控制器:Themes

[ 2017-04-08T16:28:59+08:00 ] ::1 /kjl/themes/simplebootx/Public/assets/js/jquery.validate.min.js
ERR: 无法加载控制器:Themes

[ 2017-04-08T16:29:05+08:00 ] ::1 /kjl/themes/simplebootx/Public/assets/js/jquery.validate.min.js
ERR: 无法加载控制器:Themes

[ 2017-04-08T16:29:09+08:00 ] ::1 /kjl/themes/simplebootx/Public/assets/js/jquery.validate.min.js
ERR: 无法加载控制器:Themes

[ 2017-04-08T16:29:17+08:00 ] ::1 /kjl/themes/simplebootx/Public/assets/js/jquery.validate.min.js
ERR: 无法加载控制器:Themes

[ 2017-04-08T16:29:24+08:00 ] ::1 /kjl/themes/simplebootx/Public/assets/js/jquery.validate.min.js
ERR: 无法加载控制器:Themes

[ 2017-04-08T16:29:24+08:00 ] ::1 /kjl/themes/simplebootx/Public/assets/js/jquery.validate.min.js
ERR: 无法加载控制器:Themes

[ 2017-04-08T16:29:31+08:00 ] ::1 /kjl/themes/simplebootx/Public/assets/simpleboot/bootstrap/css/bootstrap.min.css.map
ERR: 无法加载控制器:Themes

[ 2017-04-08T16:29:33+08:00 ] ::1 /kjl/themes/simplebootx/Public/assets/simpleboot/bootstrap/css/bootstrap.min.css.map
ERR: 无法加载控制器:Themes

[ 2017-04-08T16:30:02+08:00 ] ::1 /kjl/themes/simplebootx/Public/assets/js/jquery.validate.min.js
ERR: 无法加载控制器:Themes

[ 2017-04-08T16:30:08+08:00 ] ::1 /kjl/themes/simplebootx/Public/assets/js/jquery.validate.min.js
ERR: 无法加载控制器:Themes

[ 2017-04-08T16:30:15+08:00 ] ::1 /kjl/themes/simplebootx/Public/assets/js/jquery.validate.min.js
ERR: 无法加载控制器:Themes

[ 2017-04-08T16:30:15+08:00 ] ::1 /kjl/themes/simplebootx/Public/assets/js/jquery.validate.min.js
ERR: 无法加载控制器:Themes

[ 2017-04-08T16:30:24+08:00 ] ::1 /kjl/themes/simplebootx/Public/assets/simpleboot/bootstrap/css/bootstrap.min.css.map
ERR: 无法加载控制器:Themes

[ 2017-04-08T16:30:25+08:00 ] ::1 /kjl/themes/simplebootx/Public/assets/simpleboot/bootstrap/css/bootstrap.min.css.map
ERR: 无法加载控制器:Themes

[ 2017-04-08T16:34:58+08:00 ] ::1 /kjl/themes/simplebootx/Public/assets/js/jquery.validate.min.js
ERR: 无法加载控制器:Themes

[ 2017-04-08T16:34:58+08:00 ] ::1 /kjl/themes/simplebootx/Public/assets/js/jquery.validate.min.js
ERR: 无法加载控制器:Themes

[ 2017-04-08T16:35:00+08:00 ] ::1 /kjl/themes/simplebootx/Public/assets/js/jquery.validate.min.js
ERR: 无法加载控制器:Themes

[ 2017-04-08T16:35:01+08:00 ] ::1 /kjl/themes/simplebootx/Public/assets/js/jquery.validate.min.js
ERR: 无法加载控制器:Themes

[ 2017-04-08T16:35:03+08:00 ] ::1 /kjl/themes/simplebootx/Public/assets/js/jquery.validate.min.js
ERR: 无法加载控制器:Themes

[ 2017-04-08T16:35:08+08:00 ] ::1 /kjl/themes/simplebootx/Public/assets/simpleboot/bootstrap/css/bootstrap.min.css.map
ERR: 无法加载控制器:Themes

[ 2017-04-08T16:35:08+08:00 ] ::1 /kjl/themes/simplebootx/Public/assets/simpleboot/bootstrap/css/bootstrap-theme.min.css.map
ERR: 无法加载控制器:Themes

[ 2017-04-08T16:35:11+08:00 ] ::1 /kjl/themes/simplebootx/Public/assets/js/jquery.validate.min.js
ERR: 无法加载控制器:Themes

[ 2017-04-08T16:35:41+08:00 ] ::1 /kjl/themes/simplebootx/Public/assets/js/jquery.validate.min.js
ERR: 无法加载控制器:Themes

[ 2017-04-08T16:36:05+08:00 ] ::1 /kjl/themes/simplebootx/Public/assets/simpleboot/bootstrap/css/bootstrap.min.css.map
ERR: 无法加载控制器:Themes

[ 2017-04-08T16:36:24+08:00 ] ::1 /kjl/themes/simplebootx/Public/assets/js/jquery.validate.min.js
ERR: 无法加载控制器:Themes

[ 2017-04-08T16:36:26+08:00 ] ::1 /kjl/themes/simplebootx/Public/assets/js/jquery.validate.min.js
ERR: 无法加载控制器:Themes

[ 2017-04-08T16:37:35+08:00 ] ::1 /kjl/themes/simplebootx/Public/assets/js/jquery.validate.min.js
ERR: 无法加载控制器:Themes

[ 2017-04-08T16:37:36+08:00 ] ::1 /kjl/themes/simplebootx/Public/assets/js/jquery.validate.min.js
ERR: 无法加载控制器:Themes

[ 2017-04-08T17:09:14+08:00 ] ::1 /kjl/themes/simplebootx/Public/assets/simpleboot/bootstrap/css/bootstrap.min.css.map
ERR: 无法加载控制器:Themes

[ 2017-04-08T17:10:42+08:00 ] ::1 /kjl/themes/simplebootx/Public/assets/simpleboot/bootstrap/css/bootstrap.min.css.map
ERR: 无法加载控制器:Themes

[ 2017-04-08T17:12:13+08:00 ] ::1 /kjl/themes/simplebootx/Public/assets/simpleboot/bootstrap/css/bootstrap.min.css.map
ERR: 无法加载控制器:Themes

