[ 2017-04-11T15:52:10+08:00 ] 221.1.80.74 /index.php?g=&m=AdminPost&a=clean&id=10
INFO: [ app_begin ] --START--
INFO: Run Behavior\ReadHtmlCacheBehavior [ RunTime:0.000000s ]
INFO: Run Behavior\CheckLangBehavior [ RunTime:0.001953s ]
INFO: Run Common\Behavior\UrldecodeGetBehavior [ RunTime:0.000000s ]
INFO: [ app_begin ] --END-- [ RunTime:0.002930s ]
INFO: [ admin_begin ] --START--
INFO: Run Common\Behavior\AdminDefaultLangBehavior [ RunTime:0.000977s ]
INFO: [ admin_begin ] --END-- [ RunTime:0.000977s ]
SQL: SHOW COLUMNS FROM `cmf_users` [ RunTime:0.0029s ]
SQL: SELECT * FROM `cmf_users` WHERE `id` = '2' LIMIT 1   [ RunTime:0.0010s ]
SQL: SHOW COLUMNS FROM `cmf_role_user` [ RunTime:0.0020s ]
SQL: SELECT `role_id` FROM cmf_role_user a INNER JOIN cmf_role as b on a.role_id =b.id  WHERE `user_id` = '2' AND `status` = 1  [ RunTime:0.0000s ]
SQL: SHOW COLUMNS FROM `cmf_posts` [ RunTime:0.0029s ]
SQL: SHOW COLUMNS FROM `cmf_terms` [ RunTime:0.0020s ]
SQL: SHOW COLUMNS FROM `cmf_term_relationships` [ RunTime:0.0020s ]
SQL: DELETE FROM `cmf_posts` WHERE `id` = 10 AND `post_status` = 3 [ RunTime:0.0107s ]
SQL: DELETE FROM `cmf_term_relationships` WHERE `object_id` = 10 [ RunTime:0.0000s ]

[ 2017-04-11T15:52:15+08:00 ] 221.1.80.74 /index.php?g=&m=AdminPost&a=clean&id=9
INFO: [ app_begin ] --START--
INFO: Run Behavior\ReadHtmlCacheBehavior [ RunTime:0.000976s ]
INFO: Run Behavior\CheckLangBehavior [ RunTime:0.000977s ]
INFO: Run Common\Behavior\UrldecodeGetBehavior [ RunTime:0.000000s ]
INFO: [ app_begin ] --END-- [ RunTime:0.002929s ]
INFO: [ admin_begin ] --START--
INFO: Run Common\Behavior\AdminDefaultLangBehavior [ RunTime:0.001953s ]
INFO: [ admin_begin ] --END-- [ RunTime:0.001953s ]
SQL: SHOW COLUMNS FROM `cmf_users` [ RunTime:0.0029s ]
SQL: SELECT * FROM `cmf_users` WHERE `id` = '2' LIMIT 1   [ RunTime:0.0000s ]
SQL: SHOW COLUMNS FROM `cmf_role_user` [ RunTime:0.0020s ]
SQL: SELECT `role_id` FROM cmf_role_user a INNER JOIN cmf_role as b on a.role_id =b.id  WHERE `user_id` = '2' AND `status` = 1  [ RunTime:0.0000s ]
SQL: SHOW COLUMNS FROM `cmf_posts` [ RunTime:0.0029s ]
SQL: SHOW COLUMNS FROM `cmf_terms` [ RunTime:0.0029s ]
SQL: SHOW COLUMNS FROM `cmf_term_relationships` [ RunTime:0.0020s ]
SQL: DELETE FROM `cmf_posts` WHERE `id` = 9 AND `post_status` = 3 [ RunTime:0.0000s ]
SQL: DELETE FROM `cmf_term_relationships` WHERE `object_id` = 9 [ RunTime:0.0010s ]

[ 2017-04-11T15:52:21+08:00 ] 221.1.80.74 /index.php?g=&m=AdminPost&a=clean&id=7
INFO: [ app_begin ] --START--
INFO: Run Behavior\ReadHtmlCacheBehavior [ RunTime:0.000976s ]
INFO: Run Behavior\CheckLangBehavior [ RunTime:0.000977s ]
INFO: Run Common\Behavior\UrldecodeGetBehavior [ RunTime:0.000000s ]
INFO: [ app_begin ] --END-- [ RunTime:0.002930s ]
INFO: [ admin_begin ] --START--
INFO: Run Common\Behavior\AdminDefaultLangBehavior [ RunTime:0.000977s ]
INFO: [ admin_begin ] --END-- [ RunTime:0.000977s ]
SQL: SHOW COLUMNS FROM `cmf_users` [ RunTime:0.0020s ]
SQL: SELECT * FROM `cmf_users` WHERE `id` = '2' LIMIT 1   [ RunTime:0.0000s ]
SQL: SHOW COLUMNS FROM `cmf_role_user` [ RunTime:0.0020s ]
SQL: SELECT `role_id` FROM cmf_role_user a INNER JOIN cmf_role as b on a.role_id =b.id  WHERE `user_id` = '2' AND `status` = 1  [ RunTime:0.0010s ]
SQL: SHOW COLUMNS FROM `cmf_posts` [ RunTime:0.0020s ]
SQL: SHOW COLUMNS FROM `cmf_terms` [ RunTime:0.0029s ]
SQL: SHOW COLUMNS FROM `cmf_term_relationships` [ RunTime:0.0020s ]
SQL: DELETE FROM `cmf_posts` WHERE `id` = 7 AND `post_status` = 3 [ RunTime:0.0010s ]
SQL: DELETE FROM `cmf_term_relationships` WHERE `object_id` = 7 [ RunTime:0.0000s ]

[ 2017-04-11T15:52:25+08:00 ] 221.1.80.74 /index.php?g=&m=AdminPost&a=clean&id=6
INFO: [ app_begin ] --START--
INFO: Run Behavior\ReadHtmlCacheBehavior [ RunTime:0.000977s ]
INFO: Run Behavior\CheckLangBehavior [ RunTime:0.000976s ]
INFO: Run Common\Behavior\UrldecodeGetBehavior [ RunTime:0.000977s ]
INFO: [ app_begin ] --END-- [ RunTime:0.002930s ]
INFO: [ admin_begin ] --START--
INFO: Run Common\Behavior\AdminDefaultLangBehavior [ RunTime:0.001953s ]
INFO: [ admin_begin ] --END-- [ RunTime:0.001953s ]
SQL: SHOW COLUMNS FROM `cmf_users` [ RunTime:0.0029s ]
SQL: SELECT * FROM `cmf_users` WHERE `id` = '2' LIMIT 1   [ RunTime:0.0010s ]
SQL: SHOW COLUMNS FROM `cmf_role_user` [ RunTime:0.0010s ]
SQL: SELECT `role_id` FROM cmf_role_user a INNER JOIN cmf_role as b on a.role_id =b.id  WHERE `user_id` = '2' AND `status` = 1  [ RunTime:0.0000s ]
SQL: SHOW COLUMNS FROM `cmf_posts` [ RunTime:0.0020s ]
SQL: SHOW COLUMNS FROM `cmf_terms` [ RunTime:0.0029s ]
SQL: SHOW COLUMNS FROM `cmf_term_relationships` [ RunTime:0.0020s ]
SQL: DELETE FROM `cmf_posts` WHERE `id` = 6 AND `post_status` = 3 [ RunTime:0.0000s ]
SQL: DELETE FROM `cmf_term_relationships` WHERE `object_id` = 6 [ RunTime:0.0000s ]

[ 2017-04-11T15:52:30+08:00 ] 221.1.80.74 /index.php?g=&m=AdminPost&a=clean&id=4
INFO: [ app_begin ] --START--
INFO: Run Behavior\ReadHtmlCacheBehavior [ RunTime:0.000977s ]
INFO: Run Behavior\CheckLangBehavior [ RunTime:0.000977s ]
INFO: Run Common\Behavior\UrldecodeGetBehavior [ RunTime:0.000976s ]
INFO: [ app_begin ] --END-- [ RunTime:0.002930s ]
INFO: [ admin_begin ] --START--
INFO: Run Common\Behavior\AdminDefaultLangBehavior [ RunTime:0.001953s ]
INFO: [ admin_begin ] --END-- [ RunTime:0.001953s ]
SQL: SHOW COLUMNS FROM `cmf_users` [ RunTime:0.0029s ]
SQL: SELECT * FROM `cmf_users` WHERE `id` = '2' LIMIT 1   [ RunTime:0.0010s ]
SQL: SHOW COLUMNS FROM `cmf_role_user` [ RunTime:0.0020s ]
SQL: SELECT `role_id` FROM cmf_role_user a INNER JOIN cmf_role as b on a.role_id =b.id  WHERE `user_id` = '2' AND `status` = 1  [ RunTime:0.0000s ]
SQL: SHOW COLUMNS FROM `cmf_posts` [ RunTime:0.0029s ]
SQL: SHOW COLUMNS FROM `cmf_terms` [ RunTime:0.0020s ]
SQL: SHOW COLUMNS FROM `cmf_term_relationships` [ RunTime:0.0029s ]
SQL: DELETE FROM `cmf_posts` WHERE `id` = 4 AND `post_status` = 3 [ RunTime:0.0000s ]
SQL: DELETE FROM `cmf_term_relationships` WHERE `object_id` = 4 [ RunTime:0.0010s ]

[ 2017-04-11T15:52:35+08:00 ] 221.1.80.74 /index.php?g=&m=AdminPost&a=clean&id=3
INFO: [ app_begin ] --START--
INFO: Run Behavior\ReadHtmlCacheBehavior [ RunTime:0.000977s ]
INFO: Run Behavior\CheckLangBehavior [ RunTime:0.000976s ]
INFO: Run Common\Behavior\UrldecodeGetBehavior [ RunTime:0.000000s ]
INFO: [ app_begin ] --END-- [ RunTime:0.002930s ]
INFO: [ admin_begin ] --START--
INFO: Run Common\Behavior\AdminDefaultLangBehavior [ RunTime:0.001953s ]
INFO: [ admin_begin ] --END-- [ RunTime:0.001953s ]
SQL: SHOW COLUMNS FROM `cmf_users` [ RunTime:0.0029s ]
SQL: SELECT * FROM `cmf_users` WHERE `id` = '2' LIMIT 1   [ RunTime:0.0000s ]
SQL: SHOW COLUMNS FROM `cmf_role_user` [ RunTime:0.0020s ]
SQL: SELECT `role_id` FROM cmf_role_user a INNER JOIN cmf_role as b on a.role_id =b.id  WHERE `user_id` = '2' AND `status` = 1  [ RunTime:0.0010s ]
SQL: SHOW COLUMNS FROM `cmf_posts` [ RunTime:0.0029s ]
SQL: SHOW COLUMNS FROM `cmf_terms` [ RunTime:0.0020s ]
SQL: SHOW COLUMNS FROM `cmf_term_relationships` [ RunTime:0.0020s ]
SQL: DELETE FROM `cmf_posts` WHERE `id` = 3 AND `post_status` = 3 [ RunTime:0.0010s ]
SQL: DELETE FROM `cmf_term_relationships` WHERE `object_id` = 3 [ RunTime:0.0000s ]

[ 2017-04-11T15:52:39+08:00 ] 221.1.80.74 /index.php?g=&m=AdminPost&a=clean&id=2
INFO: [ app_begin ] --START--
INFO: Run Behavior\ReadHtmlCacheBehavior [ RunTime:0.000976s ]
INFO: Run Behavior\CheckLangBehavior [ RunTime:0.000977s ]
INFO: Run Common\Behavior\UrldecodeGetBehavior [ RunTime:0.000976s ]
INFO: [ app_begin ] --END-- [ RunTime:0.002929s ]
INFO: [ admin_begin ] --START--
INFO: Run Common\Behavior\AdminDefaultLangBehavior [ RunTime:0.001953s ]
INFO: [ admin_begin ] --END-- [ RunTime:0.001953s ]
SQL: SHOW COLUMNS FROM `cmf_users` [ RunTime:0.0029s ]
SQL: SELECT * FROM `cmf_users` WHERE `id` = '2' LIMIT 1   [ RunTime:0.0000s ]
SQL: SHOW COLUMNS FROM `cmf_role_user` [ RunTime:0.0029s ]
SQL: SELECT `role_id` FROM cmf_role_user a INNER JOIN cmf_role as b on a.role_id =b.id  WHERE `user_id` = '2' AND `status` = 1  [ RunTime:0.0010s ]
SQL: SHOW COLUMNS FROM `cmf_posts` [ RunTime:0.0020s ]
SQL: SHOW COLUMNS FROM `cmf_terms` [ RunTime:0.0020s ]
SQL: SHOW COLUMNS FROM `cmf_term_relationships` [ RunTime:0.0020s ]
SQL: DELETE FROM `cmf_posts` WHERE `id` = 2 AND `post_status` = 3 [ RunTime:0.0000s ]
SQL: DELETE FROM `cmf_term_relationships` WHERE `object_id` = 2 [ RunTime:0.0000s ]

[ 2017-04-11T15:52:44+08:00 ] 221.1.80.74 /index.php?g=&m=AdminPost&a=clean&id=1
INFO: [ app_begin ] --START--
INFO: Run Behavior\ReadHtmlCacheBehavior [ RunTime:0.000977s ]
INFO: Run Behavior\CheckLangBehavior [ RunTime:0.001953s ]
INFO: Run Common\Behavior\UrldecodeGetBehavior [ RunTime:0.000000s ]
INFO: [ app_begin ] --END-- [ RunTime:0.002930s ]
INFO: [ admin_begin ] --START--
INFO: Run Common\Behavior\AdminDefaultLangBehavior [ RunTime:0.001953s ]
INFO: [ admin_begin ] --END-- [ RunTime:0.001953s ]
SQL: SHOW COLUMNS FROM `cmf_users` [ RunTime:0.0029s ]
SQL: SELECT * FROM `cmf_users` WHERE `id` = '2' LIMIT 1   [ RunTime:0.0010s ]
SQL: SHOW COLUMNS FROM `cmf_role_user` [ RunTime:0.0020s ]
SQL: SELECT `role_id` FROM cmf_role_user a INNER JOIN cmf_role as b on a.role_id =b.id  WHERE `user_id` = '2' AND `status` = 1  [ RunTime:0.0000s ]
SQL: SHOW COLUMNS FROM `cmf_posts` [ RunTime:0.0029s ]
SQL: SHOW COLUMNS FROM `cmf_terms` [ RunTime:0.0020s ]
SQL: SHOW COLUMNS FROM `cmf_term_relationships` [ RunTime:0.0020s ]
SQL: DELETE FROM `cmf_posts` WHERE `id` = 1 AND `post_status` = 3 [ RunTime:0.0010s ]
SQL: DELETE FROM `cmf_term_relationships` WHERE `object_id` = 1 [ RunTime:0.0000s ]

