[ 2017-04-24T12:18:54+08:00 ] ::1 /kjl/index.php?g=Admin&m=public&a=dologin
INFO: [ app_begin ] --START--
INFO: Run Behavior\ReadHtmlCacheBehavior [ RunTime:0.000602s ]
INFO: Run Behavior\CheckLangBehavior [ RunTime:0.001999s ]
INFO: Run Common\Behavior\UrldecodeGetBehavior [ RunTime:0.000523s ]
INFO: [ app_begin ] --END-- [ RunTime:0.003848s ]
INFO: [ admin_begin ] --START--
INFO: Run Common\Behavior\AdminDefaultLangBehavior [ RunTime:0.002372s ]
INFO: [ admin_begin ] --END-- [ RunTime:0.002408s ]

[ 2017-04-24T12:19:02+08:00 ] ::1 /kjl/index.php?g=Admin&m=public&a=dologin
INFO: [ app_begin ] --START--
INFO: Run Behavior\ReadHtmlCacheBehavior [ RunTime:0.000584s ]
INFO: Run Behavior\CheckLangBehavior [ RunTime:0.001817s ]
INFO: Run Common\Behavior\UrldecodeGetBehavior [ RunTime:0.000491s ]
INFO: [ app_begin ] --END-- [ RunTime:0.003558s ]
INFO: [ admin_begin ] --START--
INFO: Run Common\Behavior\AdminDefaultLangBehavior [ RunTime:0.002799s ]
INFO: [ admin_begin ] --END-- [ RunTime:0.002849s ]
SQL: SHOW COLUMNS FROM `cmf_users` [ RunTime:0.0053s ]
SQL: SELECT * FROM `cmf_users` WHERE `user_login` = 'admin' LIMIT 1   [ RunTime:0.0003s ]

[ 2017-04-24T12:19:10+08:00 ] ::1 /kjl/index.php?g=Admin&m=public&a=dologin
INFO: [ app_begin ] --START--
INFO: Run Behavior\ReadHtmlCacheBehavior [ RunTime:0.000653s ]
INFO: Run Behavior\CheckLangBehavior [ RunTime:0.001805s ]
INFO: Run Common\Behavior\UrldecodeGetBehavior [ RunTime:0.000534s ]
INFO: [ app_begin ] --END-- [ RunTime:0.003691s ]
INFO: [ admin_begin ] --START--
INFO: Run Common\Behavior\AdminDefaultLangBehavior [ RunTime:0.002478s ]
INFO: [ admin_begin ] --END-- [ RunTime:0.002516s ]
SQL: SHOW COLUMNS FROM `cmf_users` [ RunTime:0.0052s ]
SQL: SELECT * FROM `cmf_users` WHERE `user_login` = 'admin' LIMIT 1   [ RunTime:0.0004s ]
SQL: SHOW COLUMNS FROM `cmf_role_user` [ RunTime:0.0660s ]
SQL: SELECT `role_id` FROM cmf_role_user a INNER JOIN cmf_role as b on a.role_id =b.id  WHERE `user_id` = '2' AND `status` = 1  [ RunTime:0.0365s ]
SQL: UPDATE `cmf_users` SET `user_login`='admin',`user_pass`='###1fa42de4f9c810602e344612e4625610',`user_nicename`='',`user_email`='12@qq.com',`user_url`='',`avatar`=NULL,`sex`='0',`birthday`='2000-01-01',`signature`=NULL,`last_login_ip`='0.0.0.0',`last_login_time`='2017-04-24 12:19:10',`create_time`='2017-03-23 11:52:40',`user_activation_key`='',`user_status`='1',`score`='0',`user_type`='1',`coin`='0',`mobile`='' WHERE `id` = '2' [ RunTime:0.0004s ]

[ 2017-04-24T15:58:55+08:00 ] ::1 /kjl/index.php?g=Admin&m=public&a=dologin
INFO: [ app_begin ] --START--
INFO: Run Behavior\ReadHtmlCacheBehavior [ RunTime:0.001254s ]
INFO: Run Behavior\CheckLangBehavior [ RunTime:0.002617s ]
INFO: Run Common\Behavior\UrldecodeGetBehavior [ RunTime:0.001022s ]
INFO: [ app_begin ] --END-- [ RunTime:0.005754s ]
INFO: [ admin_begin ] --START--
INFO: Run Common\Behavior\AdminDefaultLangBehavior [ RunTime:0.003977s ]
INFO: [ admin_begin ] --END-- [ RunTime:0.004019s ]
SQL: SHOW COLUMNS FROM `cmf_users` [ RunTime:0.0050s ]
SQL: SELECT * FROM `cmf_users` WHERE `user_login` = 'admin' LIMIT 1   [ RunTime:0.0003s ]
SQL: SHOW COLUMNS FROM `cmf_role_user` [ RunTime:0.0442s ]
SQL: SELECT `role_id` FROM cmf_role_user a INNER JOIN cmf_role as b on a.role_id =b.id  WHERE `user_id` = '2' AND `status` = 1  [ RunTime:0.0146s ]
SQL: UPDATE `cmf_users` SET `user_login`='admin',`user_pass`='###1fa42de4f9c810602e344612e4625610',`user_nicename`='',`user_email`='12@qq.com',`user_url`='',`avatar`=NULL,`sex`='0',`birthday`='2000-01-01',`signature`=NULL,`last_login_ip`='0.0.0.0',`last_login_time`='2017-04-24 15:58:55',`create_time`='2017-03-23 11:52:40',`user_activation_key`='',`user_status`='1',`score`='0',`user_type`='1',`coin`='0',`mobile`='' WHERE `id` = '2' [ RunTime:0.0005s ]

