[ 2017-04-24T12:18:42+08:00 ] ::1 /kjl/index.php?g=user&m=index&a=is_login
ERR: 无法加载模块:User

[ 2017-04-24T12:19:33+08:00 ] ::1 /kjl/index.php?g=user&m=index&a=is_login
ERR: 无法加载模块:User

[ 2017-04-24T15:58:43+08:00 ] ::1 /kjl/index.php?g=user&m=index&a=is_login
ERR: 无法加载模块:User

[ 2017-04-24T15:59:17+08:00 ] ::1 /kjl/index.php?g=user&m=index&a=is_login
ERR: 无法加载模块:User

[ 2017-04-24T15:59:30+08:00 ] ::1 /kjl/index.php?g=user&m=index&a=is_login
ERR: 无法加载模块:User

[ 2017-04-24T16:01:24+08:00 ] ::1 /kjl/index.php?g=user&m=index&a=is_login
ERR: 无法加载模块:User

[ 2017-04-24T16:46:36+08:00 ] ::1 /kjl/index.php?g=user&m=index&a=is_login
ERR: 无法加载模块:User

[ 2017-04-24T17:59:50+08:00 ] ::1 /kjl/index.php?g=user&m=index&a=is_login
ERR: 无法加载模块:User

[ 2017-04-24T18:00:16+08:00 ] ::1 /kjl/index.php?g=user&m=index&a=is_login
ERR: 无法加载模块:User

[ 2017-04-24T18:00:25+08:00 ] ::1 /kjl/index.php?g=user&m=index&a=is_login
ERR: 无法加载模块:User

[ 2017-04-24T18:00:40+08:00 ] ::1 /kjl/index.php?g=user&m=index&a=is_login
ERR: 无法加载模块:User

[ 2017-04-24T18:00:46+08:00 ] ::1 /kjl/index.php?g=user&m=index&a=is_login
ERR: 无法加载模块:User

[ 2017-04-24T18:01:05+08:00 ] ::1 /kjl/index.php?g=user&m=index&a=is_login
ERR: 无法加载模块:User

[ 2017-04-24T18:01:30+08:00 ] ::1 /kjl/index.php?g=user&m=index&a=is_login
ERR: 无法加载模块:User

[ 2017-04-24T18:01:38+08:00 ] ::1 /kjl/index.php?g=user&m=index&a=is_login
ERR: 无法加载模块:User

[ 2017-04-24T18:01:40+08:00 ] ::1 /kjl/index.php?g=user&m=index&a=is_login
ERR: 无法加载模块:User

[ 2017-04-24T18:01:55+08:00 ] ::1 /kjl/index.php?g=user&m=index&a=is_login
ERR: 无法加载模块:User

[ 2017-04-24T18:02:36+08:00 ] ::1 /kjl/index.php?g=user&m=index&a=is_login
ERR: 无法加载模块:User

[ 2017-04-24T18:02:49+08:00 ] ::1 /kjl/index.php?g=user&m=index&a=is_login
ERR: 无法加载模块:User

[ 2017-04-24T18:02:54+08:00 ] ::1 /kjl/index.php?g=user&m=index&a=is_login
ERR: 无法加载模块:User

[ 2017-04-24T18:03:17+08:00 ] ::1 /kjl/index.php?g=Portal&m=Index&a=index
INFO: [ app_init ] --START--
INFO: Run Behavior\BuildLiteBehavior [ RunTime:0.000008s ]
INFO: [ app_init ] --END-- [ RunTime:0.000059s ]
ERR: 无法加载模块:Index

[ 2017-04-24T18:03:36+08:00 ] ::1 /kjl/index.php?g=user&m=index&a=is_login
ERR: 无法加载模块:User

[ 2017-04-24T18:03:42+08:00 ] ::1 /kjl/index.php?g=user&m=index&a=is_login
ERR: 无法加载模块:User

[ 2017-04-24T18:04:15+08:00 ] ::1 /kjl/index.php?g=user&m=index&a=is_login
ERR: 无法加载模块:User

[ 2017-04-24T18:04:30+08:00 ] ::1 /kjl/index.php?g=user&m=index&a=is_login
ERR: 无法加载模块:User

[ 2017-04-24T18:05:05+08:00 ] ::1 /kjl/index.php?g=user&m=index&a=is_login
ERR: 无法加载模块:User

[ 2017-04-24T18:05:21+08:00 ] ::1 /kjl/index.php?g=user&m=index&a=is_login
ERR: 无法加载模块:User

[ 2017-04-24T18:05:36+08:00 ] ::1 /kjl/index.php?g=user&m=index&a=is_login
ERR: 无法加载模块:User

[ 2017-04-24T18:31:11+08:00 ] ::1 /kjl/index.php?g=user&m=index&a=is_login
ERR: 无法加载模块:User

[ 2017-04-24T18:31:15+08:00 ] ::1 /kjl/index.php?g=user&m=index&a=is_login
ERR: 无法加载模块:User

[ 2017-04-24T18:32:03+08:00 ] ::1 /kjl/index.php?g=user&m=index&a=is_login
ERR: 无法加载模块:User

[ 2017-04-24T18:32:09+08:00 ] ::1 /kjl/index.php?g=user&m=index&a=is_login
ERR: 无法加载模块:User

[ 2017-04-24T18:32:43+08:00 ] ::1 /kjl/index.php?g=user&m=index&a=is_login
ERR: 无法加载模块:User

[ 2017-04-24T18:33:00+08:00 ] ::1 /kjl/index.php?g=user&m=index&a=is_login
ERR: 无法加载模块:User

[ 2017-04-24T18:33:19+08:00 ] ::1 /kjl/index.php?g=user&m=index&a=is_login
ERR: 无法加载模块:User

[ 2017-04-24T18:33:46+08:00 ] ::1 /kjl/index.php?g=user&m=index&a=is_login
ERR: 无法加载模块:User

[ 2017-04-24T18:34:03+08:00 ] ::1 /kjl/index.php?g=user&m=index&a=is_login
ERR: 无法加载模块:User

[ 2017-04-24T18:34:13+08:00 ] ::1 /kjl/index.php?g=user&m=index&a=is_login
ERR: 无法加载模块:User

[ 2017-04-24T18:34:36+08:00 ] ::1 /kjl/index.php?g=user&m=index&a=is_login
ERR: 无法加载模块:User

[ 2017-04-24T18:34:41+08:00 ] ::1 /kjl/index.php?g=user&m=index&a=is_login
ERR: 无法加载模块:User

[ 2017-04-24T18:35:10+08:00 ] ::1 /kjl/index.php?g=user&m=index&a=is_login
ERR: 无法加载模块:User

[ 2017-04-24T18:35:38+08:00 ] ::1 /kjl/index.php?g=user&m=index&a=is_login
ERR: 无法加载模块:User

[ 2017-04-24T18:36:27+08:00 ] ::1 /kjl/index.php?g=install
ERR: 无法加载模块:Install

[ 2017-04-24T18:36:39+08:00 ] ::1 /kjl/index.php?g=install
ERR: 无法加载模块:Install

[ 2017-04-24T18:36:56+08:00 ] ::1 /kjl/index.php?g=user&m=index&a=is_login
ERR: 无法加载模块:User

[ 2017-04-24T18:37:32+08:00 ] ::1 /kjl/index.php?g=user&m=index&a=is_login
ERR: 无法加载模块:User

[ 2017-04-24T18:47:07+08:00 ] ::1 /kjl/index.php?g=user&m=index&a=is_login
ERR: 无法加载模块:User

[ 2017-04-24T19:06:16+08:00 ] ::1 /kjl/index.php?g=user&m=index&a=is_login
ERR: 无法加载模块:User

[ 2017-04-24T19:07:21+08:00 ] ::1 /kjl/index.php?g=user&m=index&a=is_login
ERR: 无法加载模块:User

[ 2017-04-24T19:08:32+08:00 ] ::1 /kjl/index.php?g=user&m=index&a=is_login
ERR: 无法加载模块:User

[ 2017-04-24T19:08:37+08:00 ] ::1 /kjl/index.php?g=user&m=index&a=is_login
ERR: 无法加载模块:User

[ 2017-04-24T19:09:02+08:00 ] ::1 /kjl/index.php?g=user&m=index&a=is_login
ERR: 无法加载模块:User

[ 2017-04-24T19:09:16+08:00 ] ::1 /kjl/index.php?g=user&m=index&a=is_login
ERR: 无法加载模块:User

[ 2017-04-24T19:09:18+08:00 ] ::1 /kjl/index.php?g=user&m=index&a=is_login
ERR: 无法加载模块:User

[ 2017-04-24T19:09:20+08:00 ] ::1 /kjl/index.php?g=user&m=index&a=is_login
ERR: 无法加载模块:User

[ 2017-04-24T19:43:01+08:00 ] ::1 /kjl/index.php?g=user&m=index&a=is_login
ERR: 无法加载模块:User

